2026-01-21T16:24:55.780Z - Fetch https://qrtwgeypflxschcgzinb.supabase.co/auth/v1/user took 503ms
2026-01-21T16:24:56.545Z - Fetch https://qrtwgeypflxschcgzinb.supabase.co/rest/v1/user_registry?select=id%2Cuser_id%2Cfull_name%2Cphoto_url%2Cclass&person_type=eq.student&order=full_name.asc&limit=50 took 715ms
2026-01-21T16:24:56.914Z - Fetch https://qrtwgeypflxschcgzinb.supabase.co/rest/v1/attendance_logs?select=id%2Cuser_id%2Cuser_name%2Cevent_type%2Ctimestamp%2Ccreated_at%2Cattendance_status%2Ccapture_image_url&person_type=eq.student&created_at=gte.2026-01-19T16%3A24%3A56.565Z&created_at=lte.2026-01-25T20%3A59%3A59.565Z&order=created_at.desc took 327ms
2026-01-21T16:24:58.475Z - Fetch https://qrtwgeypflxschcgzinb.supabase.co/auth/v1/user took 467ms
2026-01-21T16:24:58.940Z - Fetch https://qrtwgeypflxschcgzinb.supabase.co/rest/v1/attendance_logs?select=id%2Cuser_id%2Cuser_name%2Cevent_type%2Ctimestamp%2Ccreated_at%2Cattendance_status&order=created_at.desc&limit=20 took 335ms
2026-01-21T16:24:59.691Z - Fetch https://qrtwgeypflxschcgzinb.supabase.co/rest/v1/user_registry?select=id%2Ccurrent_status&person_type=eq.student&limit=1000 took 1074ms
2026-01-21T16:24:59.747Z - Fetch https://qrtwgeypflxschcgzinb.supabase.co/rest/v1/attendance_logs?select=id%2Cuser_id%2Cuser_name%2Cevent_type%2Ctimestamp%2Ccreated_at%2Cattendance_status&created_at=gte.2026-01-20T21%3A00%3A00.000Z&order=created_at.desc&limit=100 took 1113ms
2026-01-21T16:25:00.174Z - Fetch https://qrtwgeypflxschcgzinb.supabase.co/rest/v1/assignments?select=*&status=eq.active&order=due_date.asc&limit=5 took 305ms
2026-01-21T16:25:00.198Z - Fetch https://qrtwgeypflxschcgzinb.supabase.co/rest/v1/school_events?select=*&start_datetime=gte.2026-01-21T16%3A24%3A59.838Z&order=start_datetime.asc&limit=5 took 342ms
2026-01-21T16:34:53.594Z - Fetch https://qrtwgeypflxschcgzinb.supabase.co/auth/v1/user took 685ms
2026-01-21T16:34:54.191Z - Fetch https://qrtwgeypflxschcgzinb.supabase.co/rest/v1/user_registry?select=id%2Cuser_id%2Cfull_name%2Cphoto_url%2Cclass&person_type=eq.student&order=full_name.asc&limit=50 took 572ms
2026-01-21T16:34:54.763Z - Fetch https://qrtwgeypflxschcgzinb.supabase.co/rest/v1/attendance_logs?select=id%2Cuser_id%2Cuser_name%2Cevent_type%2Ctimestamp%2Ccreated_at%2Cattendance_status%2Ccapture_image_url&person_type=eq.student&created_at=gte.2026-01-19T16%3A34%3A54.315Z&created_at=lte.2026-01-25T20%3A59%3A59.315Z&order=created_at.desc took 437ms
2026-01-23T17:30:04.047Z - Fetch https://qrtwgeypflxschcgzinb.supabase.co/auth/v1/token?grant_type=refresh_token took 2096ms
2026-01-23T17:30:04.400Z - Fetch https://qrtwgeypflxschcgzinb.supabase.co/auth/v1/user took 332ms
2026-01-23T17:30:05.553Z - Fetch https://qrtwgeypflxschcgzinb.supabase.co/rest/v1/attendance_logs?select=id%2Cuser_id%2Cuser_name%2Cevent_type%2Ctimestamp%2Ccreated_at%2Cattendance_status&created_at=gte.2026-01-22T21%3A00%3A00.000Z&order=created_at.desc&limit=100 took 1103ms
2026-01-23T17:30:05.564Z - Fetch https://qrtwgeypflxschcgzinb.supabase.co/rest/v1/user_registry?select=id%2Ccurrent_status&person_type=eq.student&limit=1000 took 1132ms
2026-01-23T17:30:05.573Z - Fetch https://qrtwgeypflxschcgzinb.supabase.co/rest/v1/attendance_logs?select=id%2Cuser_id%2Cuser_name%2Cevent_type%2Ctimestamp%2Ccreated_at%2Cattendance_status&order=created_at.desc&limit=20 took 1148ms
2026-01-23T17:30:05.606Z - Fetch https://qrtwgeypflxschcgzinb.supabase.co/rest/v1/anomalies?select=id%2Cseverity%2Cstatus&status=eq.active took 1162ms
2026-01-23T17:30:06.105Z - Fetch https://qrtwgeypflxschcgzinb.supabase.co/rest/v1/assignments?select=*&status=eq.active&order=due_date.asc&limit=5 took 314ms
2026-01-23T17:30:06.181Z - Fetch https://qrtwgeypflxschcgzinb.supabase.co/rest/v1/school_events?select=*&start_datetime=gte.2026-01-23T17%3A30%3A05.667Z&order=start_datetime.asc&limit=5 took 408ms
2026-01-23T17:30:59.094Z - Fetch https://qrtwgeypflxschcgzinb.supabase.co/auth/v1/user took 463ms
2026-01-23T17:30:59.595Z - Fetch https://qrtwgeypflxschcgzinb.supabase.co/rest/v1/anomalies?select=id%2Cseverity%2Cstatus&status=eq.active took 453ms
2026-01-23T17:30:59.613Z - Fetch https://qrtwgeypflxschcgzinb.supabase.co/rest/v1/user_registry?select=id%2Ccurrent_status&person_type=eq.student&limit=1000 took 482ms
2026-01-23T17:30:59.646Z - Fetch https://qrtwgeypflxschcgzinb.supabase.co/rest/v1/attendance_logs?select=id%2Cuser_id%2Cuser_name%2Cevent_type%2Ctimestamp%2Ccreated_at%2Cattendance_status&created_at=gte.2026-01-22T21%3A00%3A00.000Z&order=created_at.desc&limit=100 took 500ms
2026-01-23T17:30:59.700Z - Fetch https://qrtwgeypflxschcgzinb.supabase.co/rest/v1/attendance_logs?select=id%2Cuser_id%2Cuser_name%2Cevent_type%2Ctimestamp%2Ccreated_at%2Cattendance_status&order=created_at.desc&limit=20 took 575ms
2026-01-23T17:31:00.035Z - Fetch https://qrtwgeypflxschcgzinb.supabase.co/rest/v1/school_events?select=*&start_datetime=gte.2026-01-23T17%3A30%3A59.706Z&order=start_datetime.asc&limit=5 took 323ms
2026-01-23T17:31:00.076Z - Fetch https://qrtwgeypflxschcgzinb.supabase.co/rest/v1/assignments?select=*&status=eq.active&order=due_date.asc&limit=5 took 361ms
2026-01-23T17:31:35.260Z - Fetch https://qrtwgeypflxschcgzinb.supabase.co/auth/v1/user took 453ms
2026-01-23T17:31:35.641Z - Fetch https://qrtwgeypflxschcgzinb.supabase.co/rest/v1/user_registry?select=*&user_id=eq.41&person_type=eq.student took 356ms
2026-01-23T17:31:36.042Z - Fetch https://qrtwgeypflxschcgzinb.supabase.co/rest/v1/attendance_logs?select=id%2Cevent_type%2Ctimestamp%2Cattendance_status%2Ccamera_name%2Ccapture_image_url&user_id=eq.41&person_type=eq.student&timestamp=gte.2025-12-24T17%3A31%3A35.675Z&order=timestamp.desc&limit=50 took 339ms
2026-01-23T17:31:42.433Z - Fetch https://qrtwgeypflxschcgzinb.supabase.co/auth/v1/user took 455ms
2026-01-23T17:31:42.819Z - Fetch https://qrtwgeypflxschcgzinb.supabase.co/rest/v1/attendance_logs?select=id%2Cuser_id%2Cuser_name%2Cevent_type%2Ctimestamp%2Ccreated_at%2Cattendance_status&order=created_at.desc&limit=20 took 324ms
2026-01-23T17:31:42.991Z - Fetch https://qrtwgeypflxschcgzinb.supabase.co/rest/v1/anomalies?select=id%2Cseverity%2Cstatus&status=eq.active took 464ms
2026-01-23T17:31:43.034Z - Fetch https://qrtwgeypflxschcgzinb.supabase.co/rest/v1/attendance_logs?select=id%2Cuser_id%2Cuser_name%2Cevent_type%2Ctimestamp%2Ccreated_at%2Cattendance_status&created_at=gte.2026-01-22T21%3A00%3A00.000Z&order=created_at.desc&limit=100 took 502ms
2026-01-23T17:31:43.069Z - Fetch https://qrtwgeypflxschcgzinb.supabase.co/rest/v1/user_registry?select=id%2Ccurrent_status&person_type=eq.student&limit=1000 took 559ms
2026-01-23T17:31:43.445Z - Fetch https://qrtwgeypflxschcgzinb.supabase.co/rest/v1/school_events?select=*&start_datetime=gte.2026-01-23T17%3A31%3A43.094Z&order=start_datetime.asc&limit=5 took 328ms
2026-01-23T17:31:43.482Z - Fetch https://qrtwgeypflxschcgzinb.supabase.co/rest/v1/assignments?select=*&status=eq.active&order=due_date.asc&limit=5 took 352ms
2026-01-23T17:31:47.728Z - Fetch https://qrtwgeypflxschcgzinb.supabase.co/auth/v1/user took 539ms
2026-01-23T17:31:48.066Z - Fetch https://qrtwgeypflxschcgzinb.supabase.co/rest/v1/anomalies?select=*&status=eq.active&severity=eq.warning&order=detected_at.desc took 305ms
2026-01-23T17:31:48.243Z - Fetch https://qrtwgeypflxschcgzinb.supabase.co/rest/v1/user_registry?select=current_status&person_type=eq.student took 446ms
2026-01-23T17:31:48.280Z - Fetch https://qrtwgeypflxschcgzinb.supabase.co/rest/v1/anomalies?select=id&status=eq.resolved&resolved_at=gte.2026-01-23 took 496ms
2026-01-23T17:31:48.300Z - Fetch https://qrtwgeypflxschcgzinb.supabase.co/rest/v1/anomalies?select=*&status=eq.active&severity=eq.watchlist&order=detected_at.desc took 524ms
2026-01-23T17:31:48.636Z - Fetch https://qrtwgeypflxschcgzinb.supabase.co/rest/v1/anomalies?select=*&status=eq.active&severity=eq.critical&order=detected_at.desc took 834ms
2026-01-23T17:31:56.171Z - Fetch https://qrtwgeypflxschcgzinb.supabase.co/auth/v1/user took 542ms
2026-01-23T17:31:56.497Z - Fetch https://qrtwgeypflxschcgzinb.supabase.co/rest/v1/speaker_zones?select=*&is_active=eq.true&order=zone_name.asc took 305ms
2026-01-23T17:31:56.727Z - Fetch https://qrtwgeypflxschcgzinb.supabase.co/rest/v1/anomalies?select=*&status=eq.active&order=severity.asc%2Cdetected_at.desc took 531ms
2026-01-23T17:32:00.730Z - Fetch https://qrtwgeypflxschcgzinb.supabase.co/auth/v1/user took 340ms
2026-01-23T17:32:01.202Z - Fetch https://qrtwgeypflxschcgzinb.supabase.co/rest/v1/attendance_logs?select=*&created_at=gte.2026-01-22T21%3A00%3A00.000Z&order=created_at.desc took 341ms
2026-01-23T17:32:01.436Z - Fetch https://qrtwgeypflxschcgzinb.supabase.co/rest/v1/camera_metadata?select=*&is_active=eq.true&order=display_name.asc took 557ms
2026-01-23T17:32:01.469Z - Fetch https://qrtwgeypflxschcgzinb.supabase.co/rest/v1/user_registry?select=*&person_type=eq.student&order=full_name.asc took 572ms
2026-01-23T17:32:22.779Z - Fetch https://qrtwgeypflxschcgzinb.supabase.co/auth/v1/user took 566ms
2026-01-23T17:32:23.310Z - Fetch https://qrtwgeypflxschcgzinb.supabase.co/rest/v1/gate_approval_requests?select=*&status=eq.pending&order=requested_at.desc took 449ms
2026-01-23T17:32:23.365Z - Fetch https://qrtwgeypflxschcgzinb.supabase.co/rest/v1/gate_transactions?select=*&order=timestamp.desc&limit=20 took 470ms
2026-01-23T17:32:23.379Z - Fetch https://qrtwgeypflxschcgzinb.supabase.co/rest/v1/leave_approvals?select=*&approval_status=eq.approved&exit_confirmed=eq.false&order=start_datetime.asc took 504ms
2026-01-23T17:32:23.751Z - Fetch https://qrtwgeypflxschcgzinb.supabase.co/rest/v1/user_registry?select=*&person_type=eq.student&current_status=eq.on_campus&order=full_name.asc took 834ms
2026-01-23T17:32:23.756Z - Fetch https://qrtwgeypflxschcgzinb.supabase.co/rest/v1/visitor_registry?select=*&status=eq.on_premises&order=entry_time.desc took 844ms
2026-01-23T17:32:24.456Z - Fetch https://qrtwgeypflxschcgzinb.supabase.co/auth/v1/user took 309ms
2026-01-23T17:32:24.771Z - Fetch https://qrtwgeypflxschcgzinb.supabase.co/rest/v1/leave_approvals?select=*&return_confirmed=eq.true&return_time=gte.2026-01-16T17%3A32%3A24.467Z&order=return_time.desc took 273ms
2026-01-23T17:32:24.783Z - Fetch https://qrtwgeypflxschcgzinb.supabase.co/rest/v1/leave_approvals?select=*&approval_status=eq.approved&exit_confirmed=eq.false&order=start_datetime.asc took 301ms
2026-01-23T17:32:24.798Z - Fetch https://qrtwgeypflxschcgzinb.supabase.co/rest/v1/leave_approvals?select=*&approval_status=eq.approved&exit_confirmed=eq.true&return_confirmed=eq.false&order=exit_time.desc took 308ms
2026-01-23T17:32:24.834Z - Fetch https://qrtwgeypflxschcgzinb.supabase.co/rest/v1/leave_approvals?select=*&approval_status=eq.pending&order=requested_at.desc took 332ms
2026-01-23T17:32:57.947Z - Fetch https://qrtwgeypflxschcgzinb.supabase.co/auth/v1/user took 470ms
2026-01-23T17:32:58.317Z - Fetch https://qrtwgeypflxschcgzinb.supabase.co/rest/v1/attendance_logs?select=id%2Cuser_id%2Cuser_name%2Cevent_type%2Ctimestamp%2Ccreated_at%2Cattendance_status&order=created_at.desc&limit=20 took 351ms
2026-01-23T17:32:58.412Z - Fetch https://qrtwgeypflxschcgzinb.supabase.co/rest/v1/anomalies?select=id%2Cseverity%2Cstatus&status=eq.active took 433ms
2026-01-23T17:32:58.429Z - Fetch https://qrtwgeypflxschcgzinb.supabase.co/rest/v1/attendance_logs?select=id%2Cuser_id%2Cuser_name%2Cevent_type%2Ctimestamp%2Ccreated_at%2Cattendance_status&created_at=gte.2026-01-22T21%3A00%3A00.000Z&order=created_at.desc&limit=100 took 443ms
2026-01-23T17:32:58.523Z - Fetch https://qrtwgeypflxschcgzinb.supabase.co/rest/v1/user_registry?select=id%2Ccurrent_status&person_type=eq.student&limit=1000 took 552ms
2026-01-23T17:32:58.826Z - Fetch https://qrtwgeypflxschcgzinb.supabase.co/rest/v1/school_events?select=*&start_datetime=gte.2026-01-23T17%3A32%3A58.532Z&order=start_datetime.asc&limit=5 took 285ms
2026-01-23T17:32:59.014Z - Fetch https://qrtwgeypflxschcgzinb.supabase.co/rest/v1/assignments?select=*&status=eq.active&order=due_date.asc&limit=5 took 465ms
2026-01-23T17:34:52.588Z - Fetch https://qrtwgeypflxschcgzinb.supabase.co/auth/v1/user took 798ms
2026-01-23T17:34:53.051Z - Fetch https://qrtwgeypflxschcgzinb.supabase.co/rest/v1/leave_approvals?select=*&approval_status=eq.approved&exit_confirmed=eq.false&order=start_datetime.asc took 446ms
2026-01-23T17:34:53.102Z - Fetch https://qrtwgeypflxschcgzinb.supabase.co/rest/v1/leave_approvals?select=*&return_confirmed=eq.true&return_time=gte.2026-01-16T17%3A34%3A52.591Z&order=return_time.desc took 485ms
2026-01-23T17:34:53.121Z - Fetch https://qrtwgeypflxschcgzinb.supabase.co/rest/v1/leave_approvals?select=*&approval_status=eq.approved&exit_confirmed=eq.true&return_confirmed=eq.false&order=exit_time.desc took 513ms
2026-01-23T17:34:53.145Z - Fetch https://qrtwgeypflxschcgzinb.supabase.co/rest/v1/leave_approvals?select=*&approval_status=eq.pending&order=requested_at.desc took 524ms
2026-01-23T17:34:58.193Z - Fetch https://qrtwgeypflxschcgzinb.supabase.co/auth/v1/user took 488ms
2026-01-23T17:34:58.541Z - Fetch https://qrtwgeypflxschcgzinb.supabase.co/rest/v1/students?select=class&order=class.asc took 298ms
2026-01-23T17:34:59.126Z - Fetch https://qrtwgeypflxschcgzinb.supabase.co/rest/v1/timetable_template?select=*&order=day_of_week.asc%2Cstart_time.asc took 503ms
2026-01-23T17:35:01.989Z - Fetch https://qrtwgeypflxschcgzinb.supabase.co/auth/v1/user took 355ms
2026-01-23T17:35:02.352Z - Fetch https://qrtwgeypflxschcgzinb.supabase.co/rest/v1/event_participants?select=*%2Cstudents%28full_name%29 took 309ms
2026-01-23T17:35:02.506Z - Fetch https://qrtwgeypflxschcgzinb.supabase.co/rest/v1/special_events?select=*&order=date_start.desc took 440ms
2026-01-23T17:35:37.524Z - Fetch https://qrtwgeypflxschcgzinb.supabase.co/auth/v1/user took 5ms
2026-01-23T17:35:38.099Z - Fetch https://qrtwgeypflxschcgzinb.supabase.co/rest/v1/event_participants?select=*%2Cstudents%28full_name%29 took 561ms
2026-01-23T17:35:38.109Z - Fetch https://qrtwgeypflxschcgzinb.supabase.co/rest/v1/special_events?select=*&order=date_start.desc took 565ms
2026-01-23T17:36:24.216Z - Fetch https://qrtwgeypflxschcgzinb.supabase.co/auth/v1/user took 3ms
2026-01-23T17:36:24.678Z - Fetch https://qrtwgeypflxschcgzinb.supabase.co/rest/v1/special_events?select=*&order=date_start.desc took 444ms
2026-01-23T17:36:24.695Z - Fetch https://qrtwgeypflxschcgzinb.supabase.co/rest/v1/event_participants?select=*%2Cstudents%28full_name%29 took 467ms
2026-01-23T17:38:02.618Z - Fetch https://qrtwgeypflxschcgzinb.supabase.co/auth/v1/user took 711ms
2026-01-23T17:38:02.981Z - Fetch https://qrtwgeypflxschcgzinb.supabase.co/rest/v1/attendance_logs?select=*&created_at=gte.2026-01-22T21%3A00%3A00.000Z&order=created_at.desc took 348ms
2026-01-23T17:38:03.062Z - Fetch https://qrtwgeypflxschcgzinb.supabase.co/rest/v1/camera_metadata?select=*&is_active=eq.true&order=display_name.asc took 427ms
2026-01-23T17:38:03.214Z - Fetch https://qrtwgeypflxschcgzinb.supabase.co/rest/v1/user_registry?select=*&person_type=eq.student&order=full_name.asc took 573ms
2026-01-23T17:43:14.963Z - Fetch https://qrtwgeypflxschcgzinb.supabase.co/auth/v1/user took 27ms
2026-01-23T17:43:15.037Z - Fetch https://qrtwgeypflxschcgzinb.supabase.co/rest/v1/attendance_logs?select=*&created_at=gte.2026-01-22T21%3A00%3A00.000Z&order=created_at.desc took 14ms
2026-01-23T17:43:15.053Z - Fetch https://qrtwgeypflxschcgzinb.supabase.co/rest/v1/camera_metadata?select=*&is_active=eq.true&order=display_name.asc took 14ms
2026-01-23T17:43:15.055Z - Fetch https://qrtwgeypflxschcgzinb.supabase.co/rest/v1/user_registry?select=*&person_type=eq.student&order=full_name.asc took 13ms
2026-01-23T17:43:46.902Z - Fetch https://qrtwgeypflxschcgzinb.supabase.co/auth/v1/user took 841ms
2026-01-23T17:43:47.317Z - Fetch https://qrtwgeypflxschcgzinb.supabase.co/rest/v1/user_registry?select=*&user_id=eq.41&person_type=eq.student took 394ms
2026-01-23T17:43:47.675Z - Fetch https://qrtwgeypflxschcgzinb.supabase.co/rest/v1/attendance_logs?select=id%2Cevent_type%2Ctimestamp%2Cattendance_status%2Ccamera_name%2Ccapture_image_url&user_id=eq.41&person_type=eq.student&timestamp=gte.2025-12-24T17%3A43%3A47.342Z&order=timestamp.desc&limit=50 took 318ms
2026-01-23T17:44:03.372Z - Fetch https://qrtwgeypflxschcgzinb.supabase.co/auth/v1/user took 456ms
2026-01-23T17:44:03.699Z - Fetch https://qrtwgeypflxschcgzinb.supabase.co/rest/v1/attendance_logs?select=*&created_at=gte.2026-01-22T21%3A00%3A00.000Z&order=created_at.desc took 311ms
2026-01-23T17:44:03.850Z - Fetch https://qrtwgeypflxschcgzinb.supabase.co/rest/v1/camera_metadata?select=*&is_active=eq.true&order=display_name.asc took 456ms
2026-01-23T17:44:03.868Z - Fetch https://qrtwgeypflxschcgzinb.supabase.co/rest/v1/user_registry?select=*&person_type=eq.student&order=full_name.asc took 470ms
2026-01-23T17:44:21.484Z - Fetch https://qrtwgeypflxschcgzinb.supabase.co/auth/v1/user took 514ms
2026-01-23T17:44:21.844Z - Fetch https://qrtwgeypflxschcgzinb.supabase.co/rest/v1/attendance_logs?select=*&created_at=gte.2026-01-22T21%3A00%3A00.000Z&order=created_at.desc took 347ms
2026-01-23T17:44:21.964Z - Fetch https://qrtwgeypflxschcgzinb.supabase.co/rest/v1/user_registry?select=*&person_type=eq.student&order=full_name.asc took 458ms
2026-01-23T17:44:21.990Z - Fetch https://qrtwgeypflxschcgzinb.supabase.co/rest/v1/camera_metadata?select=*&is_active=eq.true&order=display_name.asc took 490ms
2026-01-23T17:51:39.464Z - Fetch https://qrtwgeypflxschcgzinb.supabase.co/auth/v1/user took 459ms
2026-01-23T17:51:39.826Z - Fetch https://qrtwgeypflxschcgzinb.supabase.co/rest/v1/attendance_logs?select=*&created_at=gte.2026-01-22T21%3A00%3A00.000Z&order=created_at.desc took 337ms
2026-01-23T17:51:39.969Z - Fetch https://qrtwgeypflxschcgzinb.supabase.co/rest/v1/events?select=*&order=start_date.desc&limit=20 took 467ms
2026-01-23T17:51:39.997Z - Fetch https://qrtwgeypflxschcgzinb.supabase.co/rest/v1/camera_metadata?select=*&is_active=eq.true&order=display_name.asc took 503ms
2026-01-23T17:51:40.029Z - Fetch https://qrtwgeypflxschcgzinb.supabase.co/rest/v1/user_registry?select=*&person_type=eq.student&order=full_name.asc took 521ms
2026-01-23T17:52:41.043Z - Fetch https://qrtwgeypflxschcgzinb.supabase.co/auth/v1/user took 16ms
2026-01-23T17:52:41.099Z - Fetch https://qrtwgeypflxschcgzinb.supabase.co/rest/v1/attendance_logs?select=*&created_at=gte.2026-01-22T21%3A00%3A00.000Z&order=created_at.desc took 15ms
2026-01-23T17:52:41.115Z - Fetch https://qrtwgeypflxschcgzinb.supabase.co/rest/v1/camera_metadata?select=*&is_active=eq.true&order=display_name.asc took 3ms
2026-01-23T17:52:41.136Z - Fetch https://qrtwgeypflxschcgzinb.supabase.co/rest/v1/user_registry?select=*&person_type=eq.student&order=full_name.asc took 3ms
2026-01-23T17:52:41.800Z - Fetch https://qrtwgeypflxschcgzinb.supabase.co/rest/v1/events?select=*&order=start_date.desc&limit=20 took 683ms
2026-01-23T17:53:19.297Z - Fetch https://qrtwgeypflxschcgzinb.supabase.co/auth/v1/user took 555ms
2026-01-23T17:53:19.683Z - Fetch https://qrtwgeypflxschcgzinb.supabase.co/rest/v1/attendance_logs?select=*&created_at=gte.2026-01-22T21%3A00%3A00.000Z&order=created_at.desc took 361ms
2026-01-23T17:53:19.785Z - Fetch https://qrtwgeypflxschcgzinb.supabase.co/rest/v1/events?select=*&order=start_date.desc&limit=20 took 443ms
2026-01-23T17:53:19.815Z - Fetch https://qrtwgeypflxschcgzinb.supabase.co/rest/v1/user_registry?select=*&person_type=eq.student&order=full_name.asc took 468ms
2026-01-23T17:53:19.919Z - Fetch https://qrtwgeypflxschcgzinb.supabase.co/rest/v1/camera_metadata?select=*&is_active=eq.true&order=display_name.asc took 586ms
2026-01-23T17:55:00.273Z - Fetch https://qrtwgeypflxschcgzinb.supabase.co/auth/v1/user took 734ms
2026-01-23T17:55:00.677Z - Fetch https://qrtwgeypflxschcgzinb.supabase.co/rest/v1/speaker_zones?select=*&is_active=eq.true&order=zone_name.asc took 390ms
2026-01-23T17:55:00.765Z - Fetch https://qrtwgeypflxschcgzinb.supabase.co/rest/v1/anomalies?select=*&status=eq.active&order=severity.asc%2Cdetected_at.desc took 475ms
2026-01-23T17:55:02.533Z - Fetch https://qrtwgeypflxschcgzinb.supabase.co/auth/v1/user took 296ms
2026-01-23T17:55:02.838Z - Fetch https://qrtwgeypflxschcgzinb.supabase.co/rest/v1/anomalies?select=*&status=eq.active&severity=eq.warning&order=detected_at.desc took 294ms
2026-01-23T17:55:02.843Z - Fetch https://qrtwgeypflxschcgzinb.supabase.co/rest/v1/anomalies?select=*&status=eq.active&severity=eq.watchlist&order=detected_at.desc took 294ms
2026-01-23T17:55:02.982Z - Fetch https://qrtwgeypflxschcgzinb.supabase.co/rest/v1/anomalies?select=id&status=eq.resolved&resolved_at=gte.2026-01-23 took 430ms
2026-01-23T17:55:02.986Z - Fetch https://qrtwgeypflxschcgzinb.supabase.co/rest/v1/anomalies?select=*&status=eq.active&severity=eq.critical&order=detected_at.desc took 428ms
2026-01-23T17:55:03.097Z - Fetch https://qrtwgeypflxschcgzinb.supabase.co/rest/v1/user_registry?select=current_status&person_type=eq.student took 542ms
2026-01-23T17:55:05.230Z - Fetch https://qrtwgeypflxschcgzinb.supabase.co/auth/v1/user took 310ms
2026-01-23T17:55:05.558Z - Fetch https://qrtwgeypflxschcgzinb.supabase.co/rest/v1/anomalies?select=id%2Cseverity%2Cstatus&status=eq.active took 275ms
2026-01-23T17:55:05.568Z - Fetch https://qrtwgeypflxschcgzinb.supabase.co/rest/v1/user_registry?select=id%2Ccurrent_status&person_type=eq.student&limit=1000 took 291ms
2026-01-23T17:55:05.591Z - Fetch https://qrtwgeypflxschcgzinb.supabase.co/rest/v1/attendance_logs?select=id%2Cuser_id%2Cuser_name%2Cevent_type%2Ctimestamp%2Ccreated_at%2Cattendance_status&order=created_at.desc&limit=20 took 324ms
2026-01-23T17:55:05.601Z - Fetch https://qrtwgeypflxschcgzinb.supabase.co/rest/v1/attendance_logs?select=id%2Cuser_id%2Cuser_name%2Cevent_type%2Ctimestamp%2Ccreated_at%2Cattendance_status&created_at=gte.2026-01-22T21%3A00%3A00.000Z&order=created_at.desc&limit=100 took 314ms
2026-01-23T17:55:05.906Z - Fetch https://qrtwgeypflxschcgzinb.supabase.co/rest/v1/assignments?select=*&status=eq.active&order=due_date.asc&limit=5 took 298ms
2026-01-23T17:55:05.920Z - Fetch https://qrtwgeypflxschcgzinb.supabase.co/rest/v1/school_events?select=*&start_datetime=gte.2026-01-23T17%3A55%3A05.602Z&order=start_datetime.asc&limit=5 took 314ms
2026-01-23T17:55:07.245Z - Fetch https://qrtwgeypflxschcgzinb.supabase.co/auth/v1/user took 292ms
2026-01-23T17:55:07.538Z - Fetch https://qrtwgeypflxschcgzinb.supabase.co/rest/v1/anomalies?select=*&status=eq.active&severity=eq.warning&order=detected_at.desc took 277ms
2026-01-23T17:55:07.544Z - Fetch https://qrtwgeypflxschcgzinb.supabase.co/rest/v1/anomalies?select=id&status=eq.resolved&resolved_at=gte.2026-01-23 took 273ms
2026-01-23T17:55:07.557Z - Fetch https://qrtwgeypflxschcgzinb.supabase.co/rest/v1/anomalies?select=*&status=eq.active&severity=eq.watchlist&order=detected_at.desc took 291ms
2026-01-23T17:55:07.565Z - Fetch https://qrtwgeypflxschcgzinb.supabase.co/rest/v1/user_registry?select=current_status&person_type=eq.student took 290ms
2026-01-23T17:55:07.764Z - Fetch https://qrtwgeypflxschcgzinb.supabase.co/rest/v1/anomalies?select=*&status=eq.active&severity=eq.critical&order=detected_at.desc took 487ms
2026-01-23T17:55:09.035Z - Fetch https://qrtwgeypflxschcgzinb.supabase.co/auth/v1/user took 292ms
2026-01-23T17:55:09.317Z - Fetch https://qrtwgeypflxschcgzinb.supabase.co/rest/v1/speaker_zones?select=*&is_active=eq.true&order=zone_name.asc took 275ms
2026-01-23T17:55:09.342Z - Fetch https://qrtwgeypflxschcgzinb.supabase.co/rest/v1/anomalies?select=*&status=eq.active&order=severity.asc%2Cdetected_at.desc took 298ms
2026-01-23T17:55:10.200Z - Fetch https://qrtwgeypflxschcgzinb.supabase.co/auth/v1/user took 298ms
2026-01-23T17:55:10.515Z - Fetch https://qrtwgeypflxschcgzinb.supabase.co/rest/v1/events?select=*&order=start_date.desc&limit=20 took 272ms
2026-01-23T17:55:10.521Z - Fetch https://qrtwgeypflxschcgzinb.supabase.co/rest/v1/attendance_logs?select=*&created_at=gte.2026-01-22T21%3A00%3A00.000Z&order=created_at.desc took 288ms
2026-01-23T17:55:10.550Z - Fetch https://qrtwgeypflxschcgzinb.supabase.co/rest/v1/camera_metadata?select=*&is_active=eq.true&order=display_name.asc took 312ms
2026-01-23T17:55:10.553Z - Fetch https://qrtwgeypflxschcgzinb.supabase.co/rest/v1/user_registry?select=*&person_type=eq.student&order=full_name.asc took 307ms
2026-01-23T17:55:14.004Z - Fetch https://qrtwgeypflxschcgzinb.supabase.co/auth/v1/user took 295ms
2026-01-23T17:55:14.327Z - Fetch https://qrtwgeypflxschcgzinb.supabase.co/rest/v1/gate_approval_requests?select=*&status=eq.pending&order=requested_at.desc took 287ms
2026-01-23T17:55:14.330Z - Fetch https://qrtwgeypflxschcgzinb.supabase.co/rest/v1/leave_approvals?select=*&approval_status=eq.approved&exit_confirmed=eq.false&order=start_datetime.asc took 283ms
2026-01-23T17:55:14.340Z - Fetch https://qrtwgeypflxschcgzinb.supabase.co/rest/v1/gate_transactions?select=*&order=timestamp.desc&limit=20 took 288ms
2026-01-23T17:55:14.355Z - Fetch https://qrtwgeypflxschcgzinb.supabase.co/rest/v1/visitor_registry?select=*&status=eq.on_premises&order=entry_time.desc took 300ms
2026-01-23T17:55:14.498Z - Fetch https://qrtwgeypflxschcgzinb.supabase.co/rest/v1/user_registry?select=*&person_type=eq.student&current_status=eq.on_campus&order=full_name.asc took 438ms
2026-01-23T17:55:25.470Z - Fetch https://qrtwgeypflxschcgzinb.supabase.co/auth/v1/user took 458ms
2026-01-23T17:55:25.774Z - Fetch https://qrtwgeypflxschcgzinb.supabase.co/rest/v1/leave_approvals?select=*&approval_status=eq.approved&exit_confirmed=eq.false&order=start_datetime.asc took 281ms
2026-01-23T17:55:25.916Z - Fetch https://qrtwgeypflxschcgzinb.supabase.co/rest/v1/leave_approvals?select=*&return_confirmed=eq.true&return_time=gte.2026-01-16T17%3A55%3A25.477Z&order=return_time.desc took 415ms
2026-01-23T17:55:25.942Z - Fetch https://qrtwgeypflxschcgzinb.supabase.co/rest/v1/leave_approvals?select=*&approval_status=eq.pending&order=requested_at.desc took 437ms
2026-01-23T17:55:25.945Z - Fetch https://qrtwgeypflxschcgzinb.supabase.co/rest/v1/leave_approvals?select=*&approval_status=eq.approved&exit_confirmed=eq.true&return_confirmed=eq.false&order=exit_time.desc took 448ms
2026-01-23T17:55:33.950Z - Fetch https://qrtwgeypflxschcgzinb.supabase.co/auth/v1/user took 462ms
2026-01-23T17:55:34.262Z - Fetch https://qrtwgeypflxschcgzinb.supabase.co/rest/v1/user_registry?select=*&user_id=eq.41&person_type=eq.student took 303ms
2026-01-23T17:55:34.558Z - Fetch https://qrtwgeypflxschcgzinb.supabase.co/rest/v1/attendance_logs?select=id%2Cevent_type%2Ctimestamp%2Cattendance_status%2Ccamera_name%2Ccapture_image_url&user_id=eq.41&person_type=eq.student&timestamp=gte.2025-12-24T17%3A55%3A34.265Z&order=timestamp.desc&limit=50 took 291ms
2026-01-23T17:55:54.222Z - Fetch https://qrtwgeypflxschcgzinb.supabase.co/auth/v1/user took 462ms
2026-01-23T17:55:54.525Z - Fetch https://qrtwgeypflxschcgzinb.supabase.co/rest/v1/event_participants?select=*%2Cstudents%28full_name%29 took 290ms
2026-01-23T17:55:54.685Z - Fetch https://qrtwgeypflxschcgzinb.supabase.co/rest/v1/special_events?select=*&order=date_start.desc took 447ms
2026-01-23T18:03:48.956Z - Fetch https://qrtwgeypflxschcgzinb.supabase.co/auth/v1/user took 7ms
2026-01-23T18:03:49.724Z - Fetch https://qrtwgeypflxschcgzinb.supabase.co/rest/v1/event_participants?select=*%2Cstudents%28full_name%29 took 755ms
2026-01-23T18:03:49.768Z - Fetch https://qrtwgeypflxschcgzinb.supabase.co/rest/v1/special_events?select=*&order=date_start.desc took 792ms
2026-01-23T18:04:15.002Z - Fetch https://qrtwgeypflxschcgzinb.supabase.co/auth/v1/user took 544ms
2026-01-23T18:04:15.399Z - Fetch https://qrtwgeypflxschcgzinb.supabase.co/rest/v1/attendance_logs?select=*&created_at=gte.2026-01-22T21%3A00%3A00.000Z&order=created_at.desc took 317ms
2026-01-23T18:04:15.617Z - Fetch https://qrtwgeypflxschcgzinb.supabase.co/rest/v1/user_registry?select=*&person_type=eq.student&order=full_name.asc took 486ms
2026-01-23T18:04:15.646Z - Fetch https://qrtwgeypflxschcgzinb.supabase.co/rest/v1/camera_metadata?select=*&is_active=eq.true&order=display_name.asc took 553ms
2026-01-23T18:04:15.665Z - Fetch https://qrtwgeypflxschcgzinb.supabase.co/rest/v1/events?select=*&order=start_date.desc&limit=50 took 544ms
2026-01-23T18:04:16.620Z - Fetch https://qrtwgeypflxschcgzinb.supabase.co/auth/v1/user took 352ms
2026-01-23T18:04:17.134Z - Fetch https://qrtwgeypflxschcgzinb.supabase.co/rest/v1/speaker_zones?select=*&is_active=eq.true&order=zone_name.asc took 312ms
2026-01-23T18:04:17.172Z - Fetch https://qrtwgeypflxschcgzinb.supabase.co/rest/v1/anomalies?select=*&status=eq.active&order=severity.asc%2Cdetected_at.desc took 317ms
2026-01-23T18:04:19.506Z - Fetch https://qrtwgeypflxschcgzinb.supabase.co/auth/v1/user took 281ms
2026-01-23T18:04:19.810Z - Fetch https://qrtwgeypflxschcgzinb.supabase.co/rest/v1/attendance_logs?select=*&created_at=gte.2026-01-22T21%3A00%3A00.000Z&order=created_at.desc took 282ms
2026-01-23T18:04:19.821Z - Fetch https://qrtwgeypflxschcgzinb.supabase.co/rest/v1/user_registry?select=*&person_type=eq.student&order=full_name.asc took 277ms
2026-01-23T18:04:19.839Z - Fetch https://qrtwgeypflxschcgzinb.supabase.co/rest/v1/events?select=*&order=start_date.desc&limit=50 took 299ms
2026-01-23T18:04:19.871Z - Fetch https://qrtwgeypflxschcgzinb.supabase.co/rest/v1/camera_metadata?select=*&is_active=eq.true&order=display_name.asc took 336ms
2026-01-23T18:04:54.844Z - Fetch https://qrtwgeypflxschcgzinb.supabase.co/auth/v1/user took 665ms
2026-01-23T18:04:55.431Z - Fetch https://qrtwgeypflxschcgzinb.supabase.co/rest/v1/user_registry?select=*&user_id=eq.41&person_type=eq.student took 468ms
2026-01-23T18:04:56.052Z - Fetch https://qrtwgeypflxschcgzinb.supabase.co/rest/v1/attendance_logs?select=id%2Cevent_type%2Ctimestamp%2Cattendance_status%2Ccamera_name%2Ccapture_image_url&user_id=eq.41&person_type=eq.student&timestamp=gte.2025-12-24T18%3A04%3A55.553Z&order=timestamp.desc&limit=50 took 423ms
2026-01-23T18:06:20.189Z - Fetch https://qrtwgeypflxschcgzinb.supabase.co/auth/v1/user took 4ms
2026-01-23T18:06:20.204Z - Fetch https://qrtwgeypflxschcgzinb.supabase.co/rest/v1/user_registry?select=*&user_id=eq.41&person_type=eq.student took 3ms
2026-01-23T18:06:21.089Z - Fetch https://qrtwgeypflxschcgzinb.supabase.co/rest/v1/attendance_logs?select=id%2Cevent_type%2Ctimestamp%2Cattendance_status%2Ccamera_name%2Ccapture_image_url&user_id=eq.41&person_type=eq.student&timestamp=gte.2025-12-24T18%3A06%3A20.206Z&order=timestamp.desc&limit=50 took 875ms
2026-01-23T18:08:57.597Z - Fetch https://qrtwgeypflxschcgzinb.supabase.co/auth/v1/user took 4ms
2026-01-23T18:08:57.607Z - Fetch https://qrtwgeypflxschcgzinb.supabase.co/rest/v1/user_registry?select=*&user_id=eq.41&person_type=eq.student took 5ms
2026-01-23T18:08:58.485Z - Fetch https://qrtwgeypflxschcgzinb.supabase.co/rest/v1/attendance_logs?select=id%2Cevent_type%2Ctimestamp%2Cattendance_status%2Ccamera_name%2Ccapture_image_url&user_id=eq.41&person_type=eq.student&timestamp=gte.2025-12-24T18%3A08%3A57.609Z&order=timestamp.desc&limit=50 took 873ms
2026-01-23T18:12:36.959Z - Fetch https://qrtwgeypflxschcgzinb.supabase.co/auth/v1/user took 3ms
2026-01-23T18:12:36.968Z - Fetch https://qrtwgeypflxschcgzinb.supabase.co/rest/v1/user_registry?select=*&user_id=eq.41&person_type=eq.student took 2ms
2026-01-23T18:12:38.190Z - Fetch https://qrtwgeypflxschcgzinb.supabase.co/rest/v1/attendance_logs?select=id%2Cevent_type%2Ctimestamp%2Cattendance_status%2Ccamera_name%2Ccapture_image_url&user_id=eq.41&person_type=eq.student&timestamp=gte.2025-12-24T18%3A12%3A36.970Z&order=timestamp.desc&limit=50 took 1213ms
2026-01-23T18:14:55.906Z - Fetch https://qrtwgeypflxschcgzinb.supabase.co/auth/v1/user took 4ms
2026-01-23T18:14:55.918Z - Fetch https://qrtwgeypflxschcgzinb.supabase.co/rest/v1/user_registry?select=*&user_id=eq.41&person_type=eq.student took 2ms
2026-01-23T18:14:56.821Z - Fetch https://qrtwgeypflxschcgzinb.supabase.co/rest/v1/attendance_logs?select=id%2Cevent_type%2Ctimestamp%2Cattendance_status%2Ccamera_name%2Ccapture_image_url&user_id=eq.41&person_type=eq.student&timestamp=gte.2025-12-24T18%3A14%3A55.922Z&order=timestamp.desc&limit=50 took 892ms
2026-01-23T18:33:30.182Z - Fetch https://qrtwgeypflxschcgzinb.supabase.co/auth/v1/user took 544ms
2026-01-23T18:33:31.036Z - Fetch https://qrtwgeypflxschcgzinb.supabase.co/rest/v1/anomalies?select=*&status=eq.active&order=severity.asc%2Cdetected_at.desc took 827ms
2026-01-23T18:33:31.196Z - Fetch https://qrtwgeypflxschcgzinb.supabase.co/rest/v1/speaker_zones?select=*&is_active=eq.true&order=zone_name.asc took 993ms
2026-01-23T18:34:13.563Z - Fetch https://qrtwgeypflxschcgzinb.supabase.co/auth/v1/user took 35ms
2026-01-23T18:34:14.013Z - Fetch https://qrtwgeypflxschcgzinb.supabase.co/rest/v1/anomalies?select=*&status=eq.active&order=severity.asc%2Cdetected_at.desc took 428ms
2026-01-23T18:34:14.501Z - Fetch https://qrtwgeypflxschcgzinb.supabase.co/rest/v1/speaker_zones?select=*&is_active=eq.true&order=zone_name.asc took 925ms
2026-01-23T18:34:34.847Z - Fetch https://qrtwgeypflxschcgzinb.supabase.co/auth/v1/user took 2ms
2026-01-23T18:34:35.324Z - Fetch https://qrtwgeypflxschcgzinb.supabase.co/rest/v1/speaker_zones?select=*&is_active=eq.true&order=zone_name.asc took 464ms
2026-01-23T18:34:35.723Z - Fetch https://qrtwgeypflxschcgzinb.supabase.co/rest/v1/anomalies?select=*&status=eq.active&order=severity.asc%2Cdetected_at.desc took 858ms
2026-01-23T18:34:46.624Z - Fetch https://qrtwgeypflxschcgzinb.supabase.co/auth/v1/user took 4ms
2026-01-23T18:34:47.084Z - Fetch https://qrtwgeypflxschcgzinb.supabase.co/rest/v1/anomalies?select=*&status=eq.active&order=severity.asc%2Cdetected_at.desc took 445ms
2026-01-23T18:34:47.278Z - Fetch https://qrtwgeypflxschcgzinb.supabase.co/rest/v1/speaker_zones?select=*&is_active=eq.true&order=zone_name.asc took 644ms
2026-01-23T18:35:21.744Z - Fetch https://qrtwgeypflxschcgzinb.supabase.co/auth/v1/user took 525ms
2026-01-23T18:35:22.067Z - Fetch https://qrtwgeypflxschcgzinb.supabase.co/rest/v1/user_registry?select=*&user_id=eq.41&person_type=eq.student took 307ms
2026-01-23T18:35:22.388Z - Fetch https://qrtwgeypflxschcgzinb.supabase.co/rest/v1/attendance_logs?select=id%2Cevent_type%2Ctimestamp%2Cattendance_status%2Ccamera_name%2Ccapture_image_url&user_id=eq.41&person_type=eq.student&timestamp=gte.2025-12-24T18%3A35%3A22.073Z&order=timestamp.desc&limit=200 took 311ms
2026-01-23T18:38:48.155Z - Fetch https://qrtwgeypflxschcgzinb.supabase.co/auth/v1/user took 6ms
2026-01-23T18:38:48.190Z - Fetch https://qrtwgeypflxschcgzinb.supabase.co/rest/v1/user_registry?select=*&user_id=eq.41&person_type=eq.student took 27ms
2026-01-23T18:38:49.043Z - Fetch https://qrtwgeypflxschcgzinb.supabase.co/rest/v1/attendance_logs?select=id%2Cevent_type%2Ctimestamp%2Cattendance_status%2Ccamera_name%2Ccapture_image_url&user_id=eq.41&person_type=eq.student&timestamp=gte.2025-12-24T18%3A38%3A48.193Z&order=timestamp.desc&limit=200 took 842ms
2026-01-23T18:48:03.933Z - Fetch https://qrtwgeypflxschcgzinb.supabase.co/auth/v1/user took 448ms
2026-01-23T18:48:04.339Z - Fetch https://qrtwgeypflxschcgzinb.supabase.co/rest/v1/user_registry?select=*&user_id=eq.19&person_type=eq.student took 397ms
2026-01-23T18:48:04.872Z - Fetch https://qrtwgeypflxschcgzinb.supabase.co/rest/v1/attendance_logs?select=id%2Cevent_type%2Ctimestamp%2Cattendance_status%2Ccamera_name%2Ccapture_image_url&user_id=eq.19&person_type=eq.student&timestamp=gte.2025-12-24T18%3A48%3A04.346Z&order=timestamp.desc&limit=200 took 518ms
2026-01-23T18:49:36.132Z - Fetch https://qrtwgeypflxschcgzinb.supabase.co/auth/v1/user took 822ms
2026-01-23T18:49:36.615Z - Fetch https://qrtwgeypflxschcgzinb.supabase.co/rest/v1/user_registry?select=*&user_id=eq.19&person_type=eq.student took 403ms
2026-01-23T18:49:37.078Z - Fetch https://qrtwgeypflxschcgzinb.supabase.co/rest/v1/attendance_logs?select=id%2Cevent_type%2Ctimestamp%2Cattendance_status%2Ccamera_name%2Ccapture_image_url&user_id=eq.19&person_type=eq.student&timestamp=gte.2025-12-24T18%3A49%3A36.626Z&order=timestamp.desc&limit=200 took 446ms
2026-01-23T18:50:04.767Z - Fetch https://qrtwgeypflxschcgzinb.supabase.co/auth/v1/user took 446ms
2026-01-23T18:50:05.132Z - Fetch https://qrtwgeypflxschcgzinb.supabase.co/rest/v1/user_registry?select=*&user_id=eq.19&person_type=eq.student took 353ms
2026-01-23T18:50:05.626Z - Fetch https://qrtwgeypflxschcgzinb.supabase.co/rest/v1/attendance_logs?select=id%2Cevent_type%2Ctimestamp%2Cattendance_status%2Ccamera_name%2Ccapture_image_url&user_id=eq.19&person_type=eq.student&timestamp=gte.2025-12-24T18%3A50%3A05.136Z&order=timestamp.desc&limit=200 took 483ms
2026-01-23T18:55:48.368Z - Fetch https://qrtwgeypflxschcgzinb.supabase.co/auth/v1/user took 42ms
2026-01-23T18:55:48.441Z - Fetch https://qrtwgeypflxschcgzinb.supabase.co/rest/v1/user_registry?select=*&user_id=eq.19&person_type=eq.student took 13ms
2026-01-23T18:55:51.786Z - Fetch https://qrtwgeypflxschcgzinb.supabase.co/rest/v1/attendance_logs?select=id%2Cuser_id%2Cuser_name%2Cperson_type%2Cevent_type%2Cperiod_number%2Csubject%2Ccamera_id%2Ccamera_name%2Ccamera_group%2Ctimestamp%2Clog_date%2Cattendance_status%2Cconfidence_score%2Ccapture_image_url%2Ccreated_at&user_id=eq.19&person_type=eq.student&timestamp=gte.2025-12-24T18%3A55%3A48.456Z&order=timestamp.desc&limit=500 took 3308ms
2026-01-23T18:55:53.404Z - Fetch https://qrtwgeypflxschcgzinb.supabase.co/auth/v1/user took 5ms
2026-01-23T18:55:53.415Z - Fetch https://qrtwgeypflxschcgzinb.supabase.co/rest/v1/user_registry?select=*&user_id=eq.19&person_type=eq.student took 3ms
2026-01-23T18:55:53.771Z - Fetch https://qrtwgeypflxschcgzinb.supabase.co/rest/v1/attendance_logs?select=id%2Cuser_id%2Cuser_name%2Cperson_type%2Cevent_type%2Cperiod_number%2Csubject%2Ccamera_id%2Ccamera_name%2Ccamera_group%2Ctimestamp%2Clog_date%2Cattendance_status%2Cconfidence_score%2Ccapture_image_url%2Ccreated_at&user_id=eq.19&person_type=eq.student&timestamp=gte.2025-12-24T18%3A55%3A53.418Z&order=timestamp.desc&limit=500 took 348ms
2026-01-23T18:57:09.871Z - Fetch https://qrtwgeypflxschcgzinb.supabase.co/auth/v1/user took 987ms
2026-01-23T18:57:10.687Z - Fetch https://qrtwgeypflxschcgzinb.supabase.co/rest/v1/user_registry?select=*&user_id=eq.19&person_type=eq.student took 584ms
2026-01-23T18:57:11.550Z - Fetch https://qrtwgeypflxschcgzinb.supabase.co/rest/v1/attendance_logs?select=id%2Cuser_id%2Cuser_name%2Cperson_type%2Cevent_type%2Cperiod_number%2Csubject%2Ccamera_id%2Ccamera_name%2Ccamera_group%2Ctimestamp%2Clog_date%2Cattendance_status%2Cconfidence_score%2Ccapture_image_url%2Ccreated_at&user_id=eq.19&person_type=eq.student&timestamp=gte.2025-12-24T18%3A57%3A10.856Z&order=timestamp.desc&limit=500 took 558ms
2026-01-23T19:11:48.161Z - Fetch https://qrtwgeypflxschcgzinb.supabase.co/auth/v1/user took 18ms
2026-01-23T19:11:48.179Z - Fetch https://qrtwgeypflxschcgzinb.supabase.co/rest/v1/user_registry?select=*&user_id=eq.19&person_type=eq.student took 3ms
2026-01-23T19:11:49.380Z - Fetch https://qrtwgeypflxschcgzinb.supabase.co/rest/v1/attendance_logs?select=id%2Cuser_id%2Cuser_name%2Cperson_type%2Cevent_type%2Cperiod_number%2Csubject%2Ccamera_id%2Ccamera_name%2Ccamera_group%2Ctimestamp%2Clog_date%2Cattendance_status%2Cconfidence_score%2Ccapture_image_url%2Ccreated_at&user_id=eq.19&person_type=eq.student&timestamp=gte.2025-12-24T19%3A11%3A48.182Z&order=timestamp.desc&limit=500 took 1187ms
2026-01-23T19:18:37.825Z - Fetch https://qrtwgeypflxschcgzinb.supabase.co/auth/v1/user took 894ms
2026-01-23T19:18:38.196Z - Fetch https://qrtwgeypflxschcgzinb.supabase.co/rest/v1/attendance_logs?select=id%2Cuser_id%2Cuser_name%2Cevent_type%2Ctimestamp%2Ccreated_at%2Cattendance_status&order=created_at.desc&limit=20 took 312ms
2026-01-23T19:18:38.497Z - Fetch https://qrtwgeypflxschcgzinb.supabase.co/rest/v1/user_registry?select=id%2Ccurrent_status&person_type=eq.student&limit=1000 took 589ms
2026-01-23T19:18:38.516Z - Fetch https://qrtwgeypflxschcgzinb.supabase.co/rest/v1/attendance_logs?select=id%2Cuser_id%2Cuser_name%2Cevent_type%2Ctimestamp%2Ccreated_at%2Cattendance_status&created_at=gte.2026-01-22T21%3A00%3A00.000Z&order=created_at.desc&limit=100 took 517ms
2026-01-23T19:18:38.887Z - Fetch https://qrtwgeypflxschcgzinb.supabase.co/rest/v1/anomalies?select=id%2Cseverity%2Cstatus&status=eq.active took 910ms
2026-01-23T19:18:39.212Z - Fetch https://qrtwgeypflxschcgzinb.supabase.co/rest/v1/assignments?select=*&status=eq.active&order=due_date.asc&limit=5 took 295ms
2026-01-23T19:18:39.227Z - Fetch https://qrtwgeypflxschcgzinb.supabase.co/rest/v1/school_events?select=*&start_datetime=gte.2026-01-23T19%3A18%3A38.902Z&order=start_datetime.asc&limit=5 took 313ms
2026-01-23T19:18:41.676Z - Fetch https://qrtwgeypflxschcgzinb.supabase.co/auth/v1/user took 347ms
2026-01-23T19:18:42.073Z - Fetch https://qrtwgeypflxschcgzinb.supabase.co/rest/v1/anomalies?select=*&status=eq.active&severity=eq.warning&order=detected_at.desc took 298ms
2026-01-23T19:18:42.139Z - Fetch https://qrtwgeypflxschcgzinb.supabase.co/rest/v1/anomalies?select=*&status=eq.active&severity=eq.watchlist&order=detected_at.desc took 353ms
2026-01-23T19:18:42.186Z - Fetch https://qrtwgeypflxschcgzinb.supabase.co/rest/v1/user_registry?select=current_status&person_type=eq.student took 383ms
2026-01-23T19:18:42.412Z - Fetch https://qrtwgeypflxschcgzinb.supabase.co/rest/v1/anomalies?select=*&status=eq.active&severity=eq.critical&order=detected_at.desc took 603ms
2026-01-23T19:18:42.479Z - Fetch https://qrtwgeypflxschcgzinb.supabase.co/rest/v1/anomalies?select=id&status=eq.resolved&resolved_at=gte.2026-01-23 took 687ms
2026-01-23T19:18:44.531Z - Fetch https://qrtwgeypflxschcgzinb.supabase.co/auth/v1/user took 368ms
2026-01-23T19:18:45.000Z - Fetch https://qrtwgeypflxschcgzinb.supabase.co/rest/v1/speaker_zones?select=*&is_active=eq.true&order=zone_name.asc took 327ms
2026-01-23T19:18:45.020Z - Fetch https://qrtwgeypflxschcgzinb.supabase.co/rest/v1/anomalies?select=*&status=eq.active&order=severity.asc%2Cdetected_at.desc took 316ms
2026-01-23T19:18:47.564Z - Fetch https://qrtwgeypflxschcgzinb.supabase.co/auth/v1/user took 389ms
2026-01-23T19:18:48.170Z - Fetch https://qrtwgeypflxschcgzinb.supabase.co/rest/v1/attendance_logs?select=*&created_at=gte.2026-01-22T21%3A00%3A00.000Z&order=created_at.desc took 339ms
2026-01-23T19:18:48.331Z - Fetch https://qrtwgeypflxschcgzinb.supabase.co/rest/v1/camera_metadata?select=*&is_active=eq.true&order=display_name.asc took 450ms
2026-01-23T19:18:48.431Z - Fetch https://qrtwgeypflxschcgzinb.supabase.co/rest/v1/user_registry?select=*&person_type=eq.student&order=full_name.asc took 479ms
2026-01-23T19:18:48.661Z - Fetch https://qrtwgeypflxschcgzinb.supabase.co/rest/v1/events?select=*&order=start_date.desc&limit=50 took 738ms
2026-01-23T19:19:11.983Z - Fetch https://qrtwgeypflxschcgzinb.supabase.co/auth/v1/user took 471ms
2026-01-23T19:19:12.278Z - Fetch https://qrtwgeypflxschcgzinb.supabase.co/rest/v1/user_registry?select=*&user_id=eq.41&person_type=eq.student took 284ms
2026-01-23T19:19:12.618Z - Fetch https://qrtwgeypflxschcgzinb.supabase.co/rest/v1/attendance_logs?select=id%2Cuser_id%2Cuser_name%2Cperson_type%2Cevent_type%2Cperiod_number%2Csubject%2Ccamera_id%2Ccamera_name%2Ccamera_group%2Ctimestamp%2Clog_date%2Cattendance_status%2Cconfidence_score%2Ccapture_image_url%2Ccreated_at&user_id=eq.41&person_type=eq.student&timestamp=gte.2025-12-24T19%3A19%3A12.281Z&order=timestamp.desc&limit=500 took 334ms
2026-01-23T19:20:09.180Z - Fetch https://qrtwgeypflxschcgzinb.supabase.co/auth/v1/user took 702ms
2026-01-23T19:20:09.524Z - Fetch https://qrtwgeypflxschcgzinb.supabase.co/rest/v1/attendance_logs?select=id%2Cuser_id%2Cuser_name%2Cevent_type%2Ctimestamp%2Ccreated_at%2Cattendance_status&order=created_at.desc&limit=20 took 326ms
2026-01-23T19:20:09.628Z - Fetch https://qrtwgeypflxschcgzinb.supabase.co/rest/v1/anomalies?select=id%2Cseverity%2Cstatus&status=eq.active took 420ms
2026-01-23T19:20:10.031Z - Fetch https://qrtwgeypflxschcgzinb.supabase.co/rest/v1/user_registry?select=id%2Ccurrent_status&person_type=eq.student&limit=1000 took 828ms
2026-01-23T19:20:10.100Z - Fetch https://qrtwgeypflxschcgzinb.supabase.co/rest/v1/attendance_logs?select=id%2Cuser_id%2Cuser_name%2Cevent_type%2Ctimestamp%2Ccreated_at%2Cattendance_status&created_at=gte.2026-01-22T21%3A00%3A00.000Z&order=created_at.desc&limit=100 took 885ms
2026-01-23T19:20:10.420Z - Fetch https://qrtwgeypflxschcgzinb.supabase.co/rest/v1/school_events?select=*&start_datetime=gte.2026-01-23T19%3A20%3A10.106Z&order=start_datetime.asc&limit=5 took 295ms
2026-01-23T19:20:10.443Z - Fetch https://qrtwgeypflxschcgzinb.supabase.co/rest/v1/assignments?select=*&status=eq.active&order=due_date.asc&limit=5 took 315ms
2026-01-23T19:22:36.113Z - Fetch https://qrtwgeypflxschcgzinb.supabase.co/auth/v1/user took 742ms
2026-01-23T19:22:36.708Z - Fetch https://qrtwgeypflxschcgzinb.supabase.co/rest/v1/events?select=*&order=start_date.desc&limit=50 took 574ms
2026-01-23T19:22:36.802Z - Fetch https://qrtwgeypflxschcgzinb.supabase.co/rest/v1/user_registry?select=*&person_type=eq.student&order=full_name.asc took 664ms
2026-01-23T19:22:36.809Z - Fetch https://qrtwgeypflxschcgzinb.supabase.co/rest/v1/attendance_logs?select=*&created_at=gte.2026-01-22T21%3A00%3A00.000Z&order=created_at.desc took 683ms
2026-01-23T19:22:36.818Z - Fetch https://qrtwgeypflxschcgzinb.supabase.co/rest/v1/camera_metadata?select=*&is_active=eq.true&order=display_name.asc took 688ms
2026-01-23T19:23:47.706Z - Fetch https://qrtwgeypflxschcgzinb.supabase.co/auth/v1/user took 758ms
2026-01-23T19:23:48.187Z - Fetch https://qrtwgeypflxschcgzinb.supabase.co/rest/v1/user_registry?select=*&user_id=eq.41&person_type=eq.student took 457ms
2026-01-23T19:23:48.732Z - Fetch https://qrtwgeypflxschcgzinb.supabase.co/rest/v1/attendance_logs?select=id%2Cuser_id%2Cuser_name%2Cperson_type%2Cevent_type%2Cperiod_number%2Csubject%2Ccamera_id%2Ccamera_name%2Ccamera_group%2Ctimestamp%2Clog_date%2Cattendance_status%2Cconfidence_score%2Ccapture_image_url%2Ccreated_at&user_id=eq.41&person_type=eq.student&timestamp=gte.2025-12-24T19%3A23%3A48.206Z&order=timestamp.desc&limit=500 took 516ms
2026-01-23T19:23:50.908Z - Fetch https://qrtwgeypflxschcgzinb.supabase.co/auth/v1/user took 302ms
2026-01-23T19:23:51.286Z - Fetch https://qrtwgeypflxschcgzinb.supabase.co/rest/v1/attendance_logs?select=*&created_at=gte.2026-01-22T21%3A00%3A00.000Z&order=created_at.desc took 360ms
2026-01-23T19:23:51.397Z - Fetch https://qrtwgeypflxschcgzinb.supabase.co/rest/v1/camera_metadata?select=*&is_active=eq.true&order=display_name.asc took 465ms
2026-01-23T19:23:51.717Z - Fetch https://qrtwgeypflxschcgzinb.supabase.co/rest/v1/events?select=*&order=start_date.desc&limit=50 took 777ms
2026-01-23T19:23:52.425Z - Fetch https://qrtwgeypflxschcgzinb.supabase.co/rest/v1/user_registry?select=*&person_type=eq.student&order=full_name.asc took 1480ms
2026-01-23T19:27:40.504Z - Fetch https://qrtwgeypflxschcgzinb.supabase.co/auth/v1/user took 5ms
2026-01-23T19:27:40.519Z - Fetch https://qrtwgeypflxschcgzinb.supabase.co/rest/v1/attendance_logs?select=*&created_at=gte.2026-01-22T21%3A00%3A00.000Z&order=created_at.desc took 3ms
2026-01-23T19:27:40.526Z - Fetch https://qrtwgeypflxschcgzinb.supabase.co/rest/v1/camera_metadata?select=*&is_active=eq.true&order=display_name.asc took 3ms
2026-01-23T19:27:40.557Z - Fetch https://qrtwgeypflxschcgzinb.supabase.co/rest/v1/user_registry?select=*&person_type=eq.student&order=full_name.asc took 6ms
2026-01-23T19:27:41.260Z - Fetch https://qrtwgeypflxschcgzinb.supabase.co/rest/v1/events?select=*&order=start_date.desc&limit=50 took 732ms
2026-01-23T19:27:41.762Z - Fetch https://qrtwgeypflxschcgzinb.supabase.co/auth/v1/user took 637ms
2026-01-23T19:27:42.110Z - Fetch https://qrtwgeypflxschcgzinb.supabase.co/rest/v1/attendance_logs?select=*&created_at=gte.2026-01-22T21%3A00%3A00.000Z&order=created_at.desc took 329ms
2026-01-23T19:27:42.128Z - Fetch https://qrtwgeypflxschcgzinb.supabase.co/rest/v1/camera_metadata?select=*&is_active=eq.true&order=display_name.asc took 340ms
2026-01-23T19:27:42.271Z - Fetch https://qrtwgeypflxschcgzinb.supabase.co/rest/v1/user_registry?select=*&person_type=eq.student&order=full_name.asc took 470ms
2026-01-23T19:27:42.287Z - Fetch https://qrtwgeypflxschcgzinb.supabase.co/rest/v1/events?select=*&order=start_date.desc&limit=50 took 492ms
2026-01-23T19:28:31.234Z - Fetch https://qrtwgeypflxschcgzinb.supabase.co/auth/v1/user took 3ms
2026-01-23T19:28:31.264Z - Fetch https://qrtwgeypflxschcgzinb.supabase.co/rest/v1/attendance_logs?select=*&created_at=gte.2026-01-22T21%3A00%3A00.000Z&order=created_at.desc took 8ms
2026-01-23T19:28:31.269Z - Fetch https://qrtwgeypflxschcgzinb.supabase.co/rest/v1/camera_metadata?select=*&is_active=eq.true&order=display_name.asc took 2ms
2026-01-23T19:28:31.299Z - Fetch https://qrtwgeypflxschcgzinb.supabase.co/rest/v1/user_registry?select=*&person_type=eq.student&order=full_name.asc took 3ms
2026-01-23T19:28:31.723Z - Fetch https://qrtwgeypflxschcgzinb.supabase.co/rest/v1/events?select=*&order=start_date.desc&limit=50 took 452ms
2026-01-23T19:35:02.081Z - Fetch https://qrtwgeypflxschcgzinb.supabase.co/auth/v1/user took 603ms
2026-01-23T19:35:02.730Z - Fetch https://qrtwgeypflxschcgzinb.supabase.co/rest/v1/anomalies?select=id%2Ctype%2Cseverity%2Cstatus%2Ctitle%2Cdescription%2Cstudent_id%2Cstudent_name%2Cstudent_class%2Ccamera_name%2Cexpected_location%2Cactual_location%2Clast_seen_location%2Ctrends%2Cresolved_at%2Ccreated_at&order=created_at.desc&limit=100 took 517ms
2026-01-23T19:35:02.737Z - Fetch https://qrtwgeypflxschcgzinb.supabase.co/rest/v1/user_registry?select=id%2Cuser_id%2Cfull_name%2Ccurrent_status%2Clast_seen_camera%2Cphoto_url%2Cclass&person_type=eq.student&limit=2000 took 541ms
2026-01-23T19:35:02.751Z - Fetch https://qrtwgeypflxschcgzinb.supabase.co/rest/v1/attendance_logs?select=id%2Cuser_id%2Cuser_name%2Cperson_type%2Cevent_type%2Cperiod_number%2Csubject%2Ccamera_id%2Ccamera_name%2Ccamera_group%2Ctimestamp%2Clog_date%2Cattendance_status%2Cconfidence_score%2Ccapture_image_url%2Craw_payload%2Ccreated_at&created_at=gte.2026-01-22T21%3A00%3A00.000Z&order=created_at.desc&limit=100 took 520ms
2026-01-23T19:38:29.882Z - Fetch https://qrtwgeypflxschcgzinb.supabase.co/auth/v1/user took 721ms
2026-01-23T19:38:30.234Z - Fetch https://qrtwgeypflxschcgzinb.supabase.co/rest/v1/anomalies?select=*&status=eq.active&severity=eq.warning&order=detected_at.desc took 321ms
2026-01-23T19:38:30.385Z - Fetch https://qrtwgeypflxschcgzinb.supabase.co/rest/v1/anomalies?select=*&status=eq.active&severity=eq.watchlist&order=detected_at.desc took 468ms
2026-01-23T19:38:30.400Z - Fetch https://qrtwgeypflxschcgzinb.supabase.co/rest/v1/anomalies?select=*&status=eq.active&severity=eq.critical&order=detected_at.desc took 469ms
2026-01-23T19:38:30.403Z - Fetch https://qrtwgeypflxschcgzinb.supabase.co/rest/v1/anomalies?select=id&status=eq.resolved&resolved_at=gte.2026-01-23 took 482ms
2026-01-23T19:38:30.485Z - Fetch https://qrtwgeypflxschcgzinb.supabase.co/rest/v1/user_registry?select=current_status&person_type=eq.student took 558ms
2026-01-23T19:38:32.623Z - Fetch https://qrtwgeypflxschcgzinb.supabase.co/auth/v1/user took 316ms
2026-01-23T19:38:32.937Z - Fetch https://qrtwgeypflxschcgzinb.supabase.co/rest/v1/anomalies?select=*&status=eq.active&order=severity.asc%2Cdetected_at.desc took 298ms
2026-01-23T19:38:32.969Z - Fetch https://qrtwgeypflxschcgzinb.supabase.co/rest/v1/speaker_zones?select=*&is_active=eq.true&order=zone_name.asc took 334ms
2026-01-23T19:38:34.804Z - Fetch https://qrtwgeypflxschcgzinb.supabase.co/auth/v1/user took 297ms
2026-01-23T19:38:35.150Z - Fetch https://qrtwgeypflxschcgzinb.supabase.co/rest/v1/camera_metadata?select=*&is_active=eq.true&order=display_name.asc took 332ms
2026-01-23T19:38:35.161Z - Fetch https://qrtwgeypflxschcgzinb.supabase.co/rest/v1/attendance_logs?select=*&created_at=gte.2026-01-22T21%3A00%3A00.000Z&order=created_at.desc took 347ms
2026-01-23T19:38:35.299Z - Fetch https://qrtwgeypflxschcgzinb.supabase.co/rest/v1/user_registry?select=*&person_type=eq.student&order=full_name.asc took 475ms
2026-01-23T19:38:35.350Z - Fetch https://qrtwgeypflxschcgzinb.supabase.co/rest/v1/events?select=*&order=start_date.desc&limit=50 took 529ms
2026-01-23T19:51:18.617Z - Fetch https://qrtwgeypflxschcgzinb.supabase.co/auth/v1/user took 25ms
2026-01-23T19:51:18.651Z - Fetch https://qrtwgeypflxschcgzinb.supabase.co/rest/v1/attendance_logs?select=*&created_at=gte.2026-01-22T21%3A00%3A00.000Z&order=created_at.desc took 3ms
2026-01-23T19:51:18.687Z - Fetch https://qrtwgeypflxschcgzinb.supabase.co/rest/v1/user_registry?select=*&person_type=eq.student&order=full_name.asc took 3ms
2026-01-23T19:51:20.539Z - Fetch https://qrtwgeypflxschcgzinb.supabase.co/auth/v1/user took 1991ms
2026-01-23T19:51:20.900Z - Fetch https://qrtwgeypflxschcgzinb.supabase.co/rest/v1/events?select=*&order=start_date.desc&limit=100 took 2222ms
2026-01-23T19:51:21.000Z - Fetch https://qrtwgeypflxschcgzinb.supabase.co/rest/v1/camera_metadata?select=*&order=display_name.asc took 2333ms
2026-01-23T19:51:21.262Z - Fetch https://qrtwgeypflxschcgzinb.supabase.co/rest/v1/attendance_logs?select=*&created_at=gte.2026-01-22T21%3A00%3A00.000Z&order=created_at.desc took 565ms
2026-01-23T19:51:21.437Z - Fetch https://qrtwgeypflxschcgzinb.supabase.co/rest/v1/attendance_logs?select=*&created_at=gte.2026-01-15T21%3A00%3A00.000Z&order=created_at.desc&limit=5000 took 2779ms
2026-01-23T19:51:21.635Z - Fetch https://qrtwgeypflxschcgzinb.supabase.co/rest/v1/camera_metadata?select=*&order=display_name.asc took 849ms
2026-01-23T19:51:21.747Z - Fetch https://qrtwgeypflxschcgzinb.supabase.co/rest/v1/events?select=*&order=start_date.desc&limit=100 took 909ms
2026-01-23T19:51:21.757Z - Fetch https://qrtwgeypflxschcgzinb.supabase.co/rest/v1/user_registry?select=*&person_type=eq.student&order=full_name.asc took 893ms
2026-01-23T19:51:21.787Z - Fetch https://qrtwgeypflxschcgzinb.supabase.co/rest/v1/attendance_logs?select=*&created_at=gte.2026-01-15T21%3A00%3A00.000Z&order=created_at.desc&limit=5000 took 1049ms
2026-01-23T19:59:10.882Z - Fetch https://qrtwgeypflxschcgzinb.supabase.co/auth/v1/user took 838ms
2026-01-23T19:59:11.491Z - Fetch https://qrtwgeypflxschcgzinb.supabase.co/rest/v1/events?select=*&order=start_date.desc&limit=100 took 569ms
2026-01-23T19:59:11.514Z - Fetch https://qrtwgeypflxschcgzinb.supabase.co/rest/v1/attendance_logs?select=*&created_at=gte.2026-01-22T21%3A00%3A00.000Z&order=created_at.desc took 610ms
2026-01-23T19:59:11.523Z - Fetch https://qrtwgeypflxschcgzinb.supabase.co/rest/v1/user_registry?select=*&person_type=eq.student&order=full_name.asc took 596ms
2026-01-23T19:59:11.545Z - Fetch https://qrtwgeypflxschcgzinb.supabase.co/rest/v1/camera_metadata?select=*&order=display_name.asc took 628ms
2026-01-23T19:59:11.914Z - Fetch https://qrtwgeypflxschcgzinb.supabase.co/rest/v1/attendance_logs?select=*&created_at=gte.2026-01-15T21%3A00%3A00.000Z&order=created_at.desc&limit=5000 took 1005ms
2026-01-23T20:24:51.465Z - Fetch https://qrtwgeypflxschcgzinb.supabase.co/auth/v1/user took 34ms
2026-01-23T20:24:51.503Z - Fetch https://qrtwgeypflxschcgzinb.supabase.co/rest/v1/attendance_logs?select=*&created_at=gte.2026-01-22T21%3A00%3A00.000Z&order=created_at.desc took 5ms
2026-01-23T20:24:51.548Z - Fetch https://qrtwgeypflxschcgzinb.supabase.co/rest/v1/attendance_logs?select=*&created_at=gte.2026-01-15T21%3A00%3A00.000Z&order=created_at.desc&limit=5000 took 41ms
2026-01-23T20:24:51.565Z - Fetch https://qrtwgeypflxschcgzinb.supabase.co/rest/v1/camera_metadata?select=*&order=display_name.asc took 13ms
2026-01-23T20:24:51.628Z - Fetch https://qrtwgeypflxschcgzinb.supabase.co/rest/v1/user_registry?select=*&person_type=eq.student&order=full_name.asc took 2ms
2026-01-23T20:24:53.042Z - Fetch https://qrtwgeypflxschcgzinb.supabase.co/rest/v1/events?select=*&order=start_date.desc&limit=100 took 1475ms
2026-01-23T20:24:53.079Z - Fetch https://qrtwgeypflxschcgzinb.supabase.co/auth/v1/user took 1428ms
2026-01-23T20:24:53.769Z - Fetch https://qrtwgeypflxschcgzinb.supabase.co/rest/v1/attendance_logs?select=*&created_at=gte.2026-01-22T21%3A00%3A00.000Z&order=created_at.desc took 618ms
2026-01-23T20:24:54.174Z - Fetch https://qrtwgeypflxschcgzinb.supabase.co/rest/v1/events?select=*&order=start_date.desc&limit=100 took 1000ms
2026-01-23T20:24:54.194Z - Fetch https://qrtwgeypflxschcgzinb.supabase.co/rest/v1/user_registry?select=*&person_type=eq.student&order=full_name.asc took 1011ms
2026-01-23T20:24:54.255Z - Fetch https://qrtwgeypflxschcgzinb.supabase.co/rest/v1/camera_metadata?select=*&order=display_name.asc took 1089ms
2026-01-23T20:24:54.365Z - Fetch https://qrtwgeypflxschcgzinb.supabase.co/rest/v1/attendance_logs?select=*&created_at=gte.2026-01-15T21%3A00%3A00.000Z&order=created_at.desc&limit=5000 took 1207ms
2026-01-23T20:41:50.479Z - Fetch https://qrtwgeypflxschcgzinb.supabase.co/auth/v1/user took 932ms
2026-01-23T20:41:50.942Z - Fetch https://qrtwgeypflxschcgzinb.supabase.co/rest/v1/gate_approval_requests?select=*&status=eq.pending&order=requested_at.desc took 420ms
2026-01-23T20:41:51.087Z - Fetch https://qrtwgeypflxschcgzinb.supabase.co/rest/v1/visitor_registry?select=*&status=eq.on_premises&order=entry_time.desc took 540ms
2026-01-23T20:41:51.145Z - Fetch https://qrtwgeypflxschcgzinb.supabase.co/rest/v1/leave_approvals?select=*&approval_status=eq.approved&exit_confirmed=eq.false&order=start_datetime.asc took 618ms
2026-01-23T20:41:51.358Z - Fetch https://qrtwgeypflxschcgzinb.supabase.co/auth/v1/user took 289ms
2026-01-23T20:41:51.533Z - Fetch https://qrtwgeypflxschcgzinb.supabase.co/rest/v1/gate_transactions?select=*&order=timestamp.desc&limit=20 took 995ms
2026-01-23T20:41:51.744Z - Fetch https://qrtwgeypflxschcgzinb.supabase.co/rest/v1/user_registry?select=*&person_type=eq.student&current_status=eq.on_campus&order=full_name.asc took 1188ms
2026-01-23T20:41:51.863Z - Fetch https://qrtwgeypflxschcgzinb.supabase.co/rest/v1/leave_approvals?select=*&approval_status=eq.approved&exit_confirmed=eq.true&return_confirmed=eq.false&order=exit_time.desc took 466ms
2026-01-23T20:41:51.871Z - Fetch https://qrtwgeypflxschcgzinb.supabase.co/rest/v1/leave_approvals?select=*&approval_status=eq.approved&exit_confirmed=eq.false&order=start_datetime.asc took 480ms
2026-01-23T20:41:51.892Z - Fetch https://qrtwgeypflxschcgzinb.supabase.co/rest/v1/leave_approvals?select=*&return_confirmed=eq.true&return_time=gte.2026-01-16T20%3A41%3A51.372Z&order=return_time.desc took 486ms
2026-01-23T20:41:51.939Z - Fetch https://qrtwgeypflxschcgzinb.supabase.co/rest/v1/leave_approvals?select=*&approval_status=eq.pending&order=requested_at.desc took 527ms
2026-01-23T20:50:42.334Z - Fetch https://qrtwgeypflxschcgzinb.supabase.co/auth/v1/user took 854ms
2026-01-23T20:50:42.837Z - Fetch https://qrtwgeypflxschcgzinb.supabase.co/rest/v1/events?select=*&order=start_date.desc&limit=100 took 467ms
2026-01-23T20:50:42.856Z - Fetch https://qrtwgeypflxschcgzinb.supabase.co/rest/v1/attendance_logs?select=*&created_at=gte.2026-01-22T21%3A00%3A00.000Z&order=created_at.desc took 498ms
2026-01-23T20:50:42.958Z - Fetch https://qrtwgeypflxschcgzinb.supabase.co/rest/v1/user_registry?select=*&person_type=eq.student&order=full_name.asc took 584ms
2026-01-23T20:50:42.961Z - Fetch https://qrtwgeypflxschcgzinb.supabase.co/rest/v1/camera_metadata?select=*&order=display_name.asc took 594ms
2026-01-23T20:50:44.160Z - Fetch https://qrtwgeypflxschcgzinb.supabase.co/rest/v1/attendance_logs?select=*&created_at=gte.2026-01-15T21%3A00%3A00.000Z&order=created_at.desc&limit=5000 took 1799ms
2026-01-23T20:59:10.790Z - Fetch https://qrtwgeypflxschcgzinb.supabase.co/auth/v1/user took 1022ms
2026-01-23T20:59:11.575Z - Fetch https://qrtwgeypflxschcgzinb.supabase.co/rest/v1/user_registry?select=*&person_type=eq.student&order=full_name.asc took 756ms
2026-01-23T20:59:11.627Z - Fetch https://qrtwgeypflxschcgzinb.supabase.co/rest/v1/camera_metadata?select=*&order=display_name.asc took 815ms
2026-01-23T20:59:11.646Z - Fetch https://qrtwgeypflxschcgzinb.supabase.co/rest/v1/attendance_logs?select=*&created_at=gte.2026-01-22T21%3A00%3A00.000Z&order=created_at.desc took 843ms
2026-01-23T20:59:11.655Z - Fetch https://qrtwgeypflxschcgzinb.supabase.co/rest/v1/events?select=*&order=start_date.desc&limit=100 took 839ms
2026-01-23T20:59:11.988Z - Fetch https://qrtwgeypflxschcgzinb.supabase.co/rest/v1/attendance_logs?select=*&created_at=gte.2026-01-15T21%3A00%3A00.000Z&order=created_at.desc&limit=5000 took 1180ms
2026-01-23T21:29:46.038Z - Fetch https://qrtwgeypflxschcgzinb.supabase.co/auth/v1/user took 1142ms
2026-01-23T21:29:46.794Z - Fetch https://qrtwgeypflxschcgzinb.supabase.co/rest/v1/events?select=*&order=start_date.desc&limit=100 took 661ms
2026-01-23T21:29:46.860Z - Fetch https://qrtwgeypflxschcgzinb.supabase.co/rest/v1/attendance_logs?select=*&created_at=gte.2026-01-23T21%3A00%3A00.000Z&order=created_at.desc took 772ms
2026-01-23T21:29:46.880Z - Fetch https://qrtwgeypflxschcgzinb.supabase.co/rest/v1/camera_metadata?select=*&order=display_name.asc took 761ms
2026-01-23T21:29:46.894Z - Fetch https://qrtwgeypflxschcgzinb.supabase.co/rest/v1/user_registry?select=*&person_type=eq.student&order=full_name.asc took 753ms
2026-01-23T21:29:47.294Z - Fetch https://qrtwgeypflxschcgzinb.supabase.co/rest/v1/attendance_logs?select=*&created_at=gte.2026-01-16T21%3A00%3A00.000Z&order=created_at.desc&limit=5000 took 1192ms
2026-01-23T21:44:01.192Z - Fetch https://qrtwgeypflxschcgzinb.supabase.co/auth/v1/user took 973ms
2026-01-23T21:44:01.802Z - Fetch https://qrtwgeypflxschcgzinb.supabase.co/rest/v1/events?select=*&order=start_date.desc&limit=100 took 575ms
2026-01-23T21:44:01.818Z - Fetch https://qrtwgeypflxschcgzinb.supabase.co/rest/v1/camera_metadata?select=*&order=display_name.asc took 597ms
2026-01-23T21:44:01.875Z - Fetch https://qrtwgeypflxschcgzinb.supabase.co/rest/v1/user_registry?select=*&person_type=eq.student&order=full_name.asc took 644ms
2026-01-23T21:44:01.910Z - Fetch https://qrtwgeypflxschcgzinb.supabase.co/rest/v1/attendance_logs?select=*&created_at=gte.2026-01-23T21%3A00%3A00.000Z&order=created_at.desc took 703ms
2026-01-23T21:44:02.869Z - Fetch https://qrtwgeypflxschcgzinb.supabase.co/rest/v1/attendance_logs?select=*&created_at=gte.2026-01-16T21%3A00%3A00.000Z&order=created_at.desc&limit=5000 took 1656ms
2026-01-23T21:48:13.932Z - Fetch https://qrtwgeypflxschcgzinb.supabase.co/auth/v1/user took 489ms
2026-01-23T21:48:14.265Z - Fetch https://qrtwgeypflxschcgzinb.supabase.co/rest/v1/user_registry?select=*&user_id=eq.41&person_type=eq.student took 302ms
2026-01-23T21:48:14.595Z - Fetch https://qrtwgeypflxschcgzinb.supabase.co/rest/v1/attendance_logs?select=id%2Cuser_id%2Cuser_name%2Cperson_type%2Cevent_type%2Cperiod_number%2Csubject%2Ccamera_id%2Ccamera_name%2Ccamera_group%2Ctimestamp%2Clog_date%2Cattendance_status%2Cconfidence_score%2Ccapture_image_url%2Ccreated_at&user_id=eq.41&person_type=eq.student&timestamp=gte.2025-12-24T21%3A48%3A14.278Z&order=timestamp.desc&limit=500 took 309ms
2026-01-23T21:48:53.837Z - Fetch https://qrtwgeypflxschcgzinb.supabase.co/auth/v1/user took 448ms
2026-01-23T21:48:54.141Z - Fetch https://qrtwgeypflxschcgzinb.supabase.co/rest/v1/user_registry?select=*&user_id=eq.41&person_type=eq.student took 288ms
2026-01-23T21:48:54.442Z - Fetch https://qrtwgeypflxschcgzinb.supabase.co/rest/v1/attendance_logs?select=id%2Cuser_id%2Cuser_name%2Cperson_type%2Cevent_type%2Cperiod_number%2Csubject%2Ccamera_id%2Ccamera_name%2Ccamera_group%2Ctimestamp%2Clog_date%2Cattendance_status%2Cconfidence_score%2Ccapture_image_url%2Ccreated_at&user_id=eq.41&person_type=eq.student&timestamp=gte.2025-12-24T21%3A48%3A54.148Z&order=timestamp.desc&limit=500 took 289ms
2026-01-23T21:49:13.202Z - Fetch https://qrtwgeypflxschcgzinb.supabase.co/auth/v1/user took 538ms
2026-01-23T21:49:13.770Z - Fetch https://qrtwgeypflxschcgzinb.supabase.co/rest/v1/attendance_logs?select=*&created_at=gte.2026-01-23T21%3A00%3A00.000Z&order=created_at.desc took 551ms
2026-01-23T21:49:13.788Z - Fetch https://qrtwgeypflxschcgzinb.supabase.co/rest/v1/camera_metadata?select=*&order=display_name.asc took 557ms
2026-01-23T21:49:13.807Z - Fetch https://qrtwgeypflxschcgzinb.supabase.co/rest/v1/events?select=*&order=start_date.desc&limit=100 took 570ms
2026-01-23T21:49:13.872Z - Fetch https://qrtwgeypflxschcgzinb.supabase.co/rest/v1/user_registry?select=*&person_type=eq.student&order=full_name.asc took 625ms
2026-01-23T21:49:14.172Z - Fetch https://qrtwgeypflxschcgzinb.supabase.co/rest/v1/attendance_logs?select=*&created_at=gte.2026-01-16T21%3A00%3A00.000Z&order=created_at.desc&limit=5000 took 949ms
2026-01-23T21:49:16.850Z - Fetch https://qrtwgeypflxschcgzinb.supabase.co/auth/v1/user took 337ms
2026-01-23T21:49:17.218Z - Fetch https://qrtwgeypflxschcgzinb.supabase.co/rest/v1/user_registry?select=*&user_id=eq.19&person_type=eq.student took 310ms
2026-01-23T21:49:17.563Z - Fetch https://qrtwgeypflxschcgzinb.supabase.co/rest/v1/attendance_logs?select=id%2Cuser_id%2Cuser_name%2Cperson_type%2Cevent_type%2Cperiod_number%2Csubject%2Ccamera_id%2Ccamera_name%2Ccamera_group%2Ctimestamp%2Clog_date%2Cattendance_status%2Cconfidence_score%2Ccapture_image_url%2Ccreated_at&user_id=eq.19&person_type=eq.student&timestamp=gte.2025-12-24T21%3A49%3A17.233Z&order=timestamp.desc&limit=500 took 312ms
2026-01-23T21:50:02.219Z - Fetch https://qrtwgeypflxschcgzinb.supabase.co/auth/v1/user took 639ms
2026-01-23T21:50:02.688Z - Fetch https://qrtwgeypflxschcgzinb.supabase.co/rest/v1/speaker_zones?select=*&is_active=eq.true&order=zone_name.asc took 454ms
2026-01-23T21:50:03.102Z - Fetch https://qrtwgeypflxschcgzinb.supabase.co/rest/v1/anomalies?select=*&status=eq.active&order=severity.asc%2Cdetected_at.desc took 864ms
2026-01-23T21:50:03.167Z - Fetch https://qrtwgeypflxschcgzinb.supabase.co/auth/v1/user took 496ms
2026-01-23T21:50:03.667Z - Fetch https://qrtwgeypflxschcgzinb.supabase.co/rest/v1/attendance_logs?select=*&created_at=gte.2026-01-23T21%3A00%3A00.000Z&order=created_at.desc took 326ms
2026-01-23T21:50:03.702Z - Fetch https://qrtwgeypflxschcgzinb.supabase.co/rest/v1/camera_metadata?select=*&order=display_name.asc took 326ms
2026-01-23T21:50:03.941Z - Fetch https://qrtwgeypflxschcgzinb.supabase.co/rest/v1/user_registry?select=*&person_type=eq.student&order=full_name.asc took 549ms
2026-01-23T21:50:04.175Z - Fetch https://qrtwgeypflxschcgzinb.supabase.co/rest/v1/events?select=*&order=start_date.desc&limit=100 took 788ms
2026-01-23T21:50:04.303Z - Fetch https://qrtwgeypflxschcgzinb.supabase.co/rest/v1/attendance_logs?select=*&created_at=gte.2026-01-16T21%3A00%3A00.000Z&order=created_at.desc&limit=5000 took 937ms
2026-01-23T21:50:05.677Z - Fetch https://qrtwgeypflxschcgzinb.supabase.co/auth/v1/user took 370ms
2026-01-23T21:50:06.017Z - Fetch https://qrtwgeypflxschcgzinb.supabase.co/rest/v1/events?select=*&order=start_date.desc&limit=100 took 312ms
2026-01-23T21:50:06.163Z - Fetch https://qrtwgeypflxschcgzinb.supabase.co/rest/v1/user_registry?select=*&person_type=eq.student&order=full_name.asc took 455ms
2026-01-23T21:50:06.197Z - Fetch https://qrtwgeypflxschcgzinb.supabase.co/rest/v1/attendance_logs?select=*&created_at=gte.2026-01-23T21%3A00%3A00.000Z&order=created_at.desc took 504ms
2026-01-23T21:50:06.246Z - Fetch https://qrtwgeypflxschcgzinb.supabase.co/rest/v1/camera_metadata?select=*&order=display_name.asc took 547ms
2026-01-23T21:50:06.261Z - Fetch https://qrtwgeypflxschcgzinb.supabase.co/rest/v1/attendance_logs?select=*&created_at=gte.2026-01-16T21%3A00%3A00.000Z&order=created_at.desc&limit=5000 took 565ms
2026-01-23T21:51:37.232Z - Fetch https://qrtwgeypflxschcgzinb.supabase.co/auth/v1/user took 617ms
2026-01-23T21:51:37.590Z - Fetch https://qrtwgeypflxschcgzinb.supabase.co/rest/v1/attendance_logs?select=*&created_at=gte.2026-01-23T21%3A00%3A00.000Z&order=created_at.desc took 347ms
2026-01-23T21:51:37.753Z - Fetch https://qrtwgeypflxschcgzinb.supabase.co/rest/v1/camera_metadata?select=*&order=display_name.asc took 499ms
2026-01-23T21:51:37.858Z - Fetch https://qrtwgeypflxschcgzinb.supabase.co/rest/v1/user_registry?select=*&person_type=eq.student&order=full_name.asc took 599ms
2026-01-23T21:51:37.880Z - Fetch https://qrtwgeypflxschcgzinb.supabase.co/rest/v1/events?select=*&order=start_date.desc&limit=100 took 624ms
2026-01-23T21:51:38.254Z - Fetch https://qrtwgeypflxschcgzinb.supabase.co/rest/v1/attendance_logs?select=*&created_at=gte.2026-01-16T21%3A00%3A00.000Z&order=created_at.desc&limit=5000 took 1006ms
2026-01-23T21:54:15.101Z - Fetch https://qrtwgeypflxschcgzinb.supabase.co/auth/v1/user took 1068ms
2026-01-23T21:54:15.875Z - Fetch https://qrtwgeypflxschcgzinb.supabase.co/rest/v1/user_registry?select=*&person_type=eq.student&order=full_name.asc took 711ms
2026-01-23T21:54:15.887Z - Fetch https://qrtwgeypflxschcgzinb.supabase.co/rest/v1/attendance_logs?select=*&created_at=gte.2026-01-23T21%3A00%3A00.000Z&order=created_at.desc took 757ms
2026-01-23T21:54:15.895Z - Fetch https://qrtwgeypflxschcgzinb.supabase.co/rest/v1/camera_metadata?select=*&order=display_name.asc took 747ms
2026-01-23T21:54:16.135Z - Fetch https://qrtwgeypflxschcgzinb.supabase.co/rest/v1/events?select=*&order=start_date.desc&limit=100 took 979ms
2026-01-23T21:54:16.769Z - Fetch https://qrtwgeypflxschcgzinb.supabase.co/rest/v1/attendance_logs?select=*&created_at=gte.2026-01-16T21%3A00%3A00.000Z&order=created_at.desc&limit=5000 took 1632ms
2026-01-23T21:54:43.391Z - Fetch https://qrtwgeypflxschcgzinb.supabase.co/auth/v1/user took 466ms
2026-01-23T21:54:43.558Z - Fetch https://qrtwgeypflxschcgzinb.supabase.co/auth/v1/user took 608ms
2026-01-23T21:54:43.830Z - Fetch https://qrtwgeypflxschcgzinb.supabase.co/rest/v1/attendance_logs?select=*&created_at=gte.2026-01-23T21%3A00%3A00.000Z&order=created_at.desc took 331ms
2026-01-23T21:54:43.932Z - Fetch https://qrtwgeypflxschcgzinb.supabase.co/rest/v1/attendance_logs?select=*&created_at=gte.2026-01-23T21%3A00%3A00.000Z&order=created_at.desc took 346ms
2026-01-23T21:54:44.134Z - Fetch https://qrtwgeypflxschcgzinb.supabase.co/rest/v1/user_registry?select=*&person_type=eq.student&order=full_name.asc took 514ms
2026-01-23T21:54:44.148Z - Fetch https://qrtwgeypflxschcgzinb.supabase.co/rest/v1/events?select=*&order=start_date.desc&limit=100 took 610ms
2026-01-23T21:54:44.153Z - Fetch https://qrtwgeypflxschcgzinb.supabase.co/rest/v1/user_registry?select=*&person_type=eq.student&order=full_name.asc took 607ms
2026-01-23T21:54:44.510Z - Fetch https://qrtwgeypflxschcgzinb.supabase.co/rest/v1/events?select=*&order=start_date.desc&limit=100 took 896ms
2026-01-23T21:54:44.643Z - Fetch https://qrtwgeypflxschcgzinb.supabase.co/rest/v1/camera_metadata?select=*&order=display_name.asc took 1040ms
2026-01-23T21:54:44.658Z - Fetch https://qrtwgeypflxschcgzinb.supabase.co/rest/v1/camera_metadata?select=*&order=display_name.asc took 1131ms
2026-01-23T21:54:44.683Z - Fetch https://qrtwgeypflxschcgzinb.supabase.co/rest/v1/attendance_logs?select=*&created_at=gte.2026-01-16T21%3A00%3A00.000Z&order=created_at.desc&limit=5000 took 1177ms
2026-01-23T21:54:44.787Z - Fetch https://qrtwgeypflxschcgzinb.supabase.co/rest/v1/attendance_logs?select=*&created_at=gte.2026-01-16T21%3A00%3A00.000Z&order=created_at.desc&limit=5000 took 1191ms
2026-01-23T21:56:21.244Z - Fetch https://qrtwgeypflxschcgzinb.supabase.co/auth/v1/user took 438ms
2026-01-23T21:56:21.576Z - Fetch https://qrtwgeypflxschcgzinb.supabase.co/rest/v1/attendance_logs?select=*&created_at=gte.2026-01-23T21%3A00%3A00.000Z&order=created_at.desc took 310ms
2026-01-23T21:56:21.710Z - Fetch https://qrtwgeypflxschcgzinb.supabase.co/rest/v1/user_registry?select=*&person_type=eq.student&order=full_name.asc took 419ms
2026-01-23T21:56:21.781Z - Fetch https://qrtwgeypflxschcgzinb.supabase.co/rest/v1/events?select=*&order=start_date.desc&limit=100 took 493ms
2026-01-23T21:56:21.790Z - Fetch https://qrtwgeypflxschcgzinb.supabase.co/rest/v1/camera_metadata?select=*&order=display_name.asc took 510ms
2026-01-23T21:56:22.114Z - Fetch https://qrtwgeypflxschcgzinb.supabase.co/rest/v1/attendance_logs?select=*&created_at=gte.2026-01-16T21%3A00%3A00.000Z&order=created_at.desc&limit=5000 took 841ms
2026-01-23T21:57:20.944Z - Fetch https://qrtwgeypflxschcgzinb.supabase.co/auth/v1/user took 24ms
2026-01-23T21:57:21.032Z - Fetch https://qrtwgeypflxschcgzinb.supabase.co/rest/v1/attendance_logs?select=*&created_at=gte.2026-01-23T21%3A00%3A00.000Z&order=created_at.desc took 11ms
2026-01-23T21:57:21.065Z - Fetch https://qrtwgeypflxschcgzinb.supabase.co/rest/v1/attendance_logs?select=*&created_at=gte.2026-01-16T21%3A00%3A00.000Z&order=created_at.desc&limit=5000 took 18ms
2026-01-23T21:57:21.109Z - Fetch https://qrtwgeypflxschcgzinb.supabase.co/rest/v1/camera_metadata?select=*&order=display_name.asc took 38ms
2026-01-23T21:57:21.141Z - Fetch https://qrtwgeypflxschcgzinb.supabase.co/rest/v1/user_registry?select=*&person_type=eq.student&order=full_name.asc took 6ms
2026-01-23T21:57:21.578Z - Fetch https://qrtwgeypflxschcgzinb.supabase.co/rest/v1/events?select=*&order=start_date.desc&limit=100 took 462ms
2026-01-23T22:03:25.148Z - Fetch https://qrtwgeypflxschcgzinb.supabase.co/auth/v1/user took 9ms
2026-01-23T22:03:25.167Z - Fetch https://qrtwgeypflxschcgzinb.supabase.co/rest/v1/attendance_logs?select=*&created_at=gte.2026-01-23T21%3A00%3A00.000Z&order=created_at.desc took 2ms
2026-01-23T22:03:25.180Z - Fetch https://qrtwgeypflxschcgzinb.supabase.co/rest/v1/attendance_logs?select=*&created_at=gte.2026-01-16T21%3A00%3A00.000Z&order=created_at.desc&limit=5000 took 7ms
2026-01-23T22:03:25.193Z - Fetch https://qrtwgeypflxschcgzinb.supabase.co/rest/v1/camera_metadata?select=*&order=display_name.asc took 11ms
2026-01-23T22:03:25.209Z - Fetch https://qrtwgeypflxschcgzinb.supabase.co/rest/v1/user_registry?select=*&person_type=eq.student&order=full_name.asc took 1ms
2026-01-23T22:03:25.859Z - Fetch https://qrtwgeypflxschcgzinb.supabase.co/rest/v1/events?select=*&order=start_date.desc&limit=100 took 664ms
2026-01-23T22:06:06.370Z - Fetch https://qrtwgeypflxschcgzinb.supabase.co/auth/v1/user took 744ms
2026-01-23T22:06:06.842Z - Fetch https://qrtwgeypflxschcgzinb.supabase.co/rest/v1/camera_metadata?select=*&order=display_name.asc took 446ms
2026-01-23T22:06:06.861Z - Fetch https://qrtwgeypflxschcgzinb.supabase.co/rest/v1/events?select=*&order=start_date.desc&limit=100 took 460ms
2026-01-23T22:06:06.893Z - Fetch https://qrtwgeypflxschcgzinb.supabase.co/rest/v1/user_registry?select=*&person_type=eq.student&order=full_name.asc took 489ms
2026-01-23T22:06:06.940Z - Fetch https://qrtwgeypflxschcgzinb.supabase.co/rest/v1/attendance_logs?select=*&created_at=gte.2026-01-23T21%3A00%3A00.000Z&order=created_at.desc took 552ms
2026-01-23T22:06:07.427Z - Fetch https://qrtwgeypflxschcgzinb.supabase.co/rest/v1/attendance_logs?select=*&created_at=gte.2026-01-16T21%3A00%3A00.000Z&order=created_at.desc&limit=5000 took 1035ms
2026-01-23T22:06:25.099Z - Fetch https://qrtwgeypflxschcgzinb.supabase.co/auth/v1/user took 434ms
2026-01-23T22:06:25.567Z - Fetch https://qrtwgeypflxschcgzinb.supabase.co/rest/v1/events?select=*&order=start_date.desc&limit=100 took 431ms
2026-01-23T22:06:25.585Z - Fetch https://qrtwgeypflxschcgzinb.supabase.co/rest/v1/camera_metadata?select=*&order=display_name.asc took 452ms
2026-01-23T22:06:25.633Z - Fetch https://qrtwgeypflxschcgzinb.supabase.co/rest/v1/attendance_logs?select=*&created_at=gte.2026-01-23T21%3A00%3A00.000Z&order=created_at.desc took 511ms
2026-01-23T22:06:25.677Z - Fetch https://qrtwgeypflxschcgzinb.supabase.co/rest/v1/user_registry?select=*&person_type=eq.student&order=full_name.asc took 537ms
2026-01-23T22:06:26.029Z - Fetch https://qrtwgeypflxschcgzinb.supabase.co/rest/v1/attendance_logs?select=*&created_at=gte.2026-01-16T21%3A00%3A00.000Z&order=created_at.desc&limit=5000 took 904ms
2026-01-23T22:12:46.156Z - Fetch https://qrtwgeypflxschcgzinb.supabase.co/auth/v1/user took 839ms
2026-01-23T22:12:46.555Z - Fetch https://qrtwgeypflxschcgzinb.supabase.co/rest/v1/attendance_logs?select=*&created_at=gte.2026-01-23T21%3A00%3A00.000Z&order=created_at.desc took 384ms
2026-01-23T22:12:46.740Z - Fetch https://qrtwgeypflxschcgzinb.supabase.co/rest/v1/events?select=*&order=start_date.desc&limit=100 took 554ms
2026-01-23T22:12:46.782Z - Fetch https://qrtwgeypflxschcgzinb.supabase.co/rest/v1/camera_metadata?select=*&order=display_name.asc took 602ms
2026-01-23T22:12:46.813Z - Fetch https://qrtwgeypflxschcgzinb.supabase.co/rest/v1/user_registry?select=*&person_type=eq.student&order=full_name.asc took 624ms
2026-01-23T22:12:47.036Z - Fetch https://qrtwgeypflxschcgzinb.supabase.co/rest/v1/attendance_logs?select=*&created_at=gte.2026-01-16T21%3A00%3A00.000Z&order=created_at.desc&limit=5000 took 860ms
2026-01-23T22:14:13.054Z - Fetch https://qrtwgeypflxschcgzinb.supabase.co/auth/v1/user took 1033ms
2026-01-23T22:14:13.833Z - Fetch https://qrtwgeypflxschcgzinb.supabase.co/rest/v1/events?select=*&order=start_date.desc&limit=100 took 730ms
2026-01-23T22:14:13.840Z - Fetch https://qrtwgeypflxschcgzinb.supabase.co/rest/v1/attendance_logs?select=*&created_at=gte.2026-01-23T21%3A00%3A00.000Z&order=created_at.desc took 759ms
2026-01-23T22:14:13.849Z - Fetch https://qrtwgeypflxschcgzinb.supabase.co/rest/v1/camera_metadata?select=*&order=display_name.asc took 753ms
2026-01-23T22:14:13.860Z - Fetch https://qrtwgeypflxschcgzinb.supabase.co/rest/v1/user_registry?select=*&person_type=eq.student&order=full_name.asc took 751ms
2026-01-23T22:14:14.736Z - Fetch https://qrtwgeypflxschcgzinb.supabase.co/rest/v1/attendance_logs?select=*&created_at=gte.2026-01-16T21%3A00%3A00.000Z&order=created_at.desc&limit=5000 took 1649ms
2026-01-23T22:15:26.817Z - Fetch https://qrtwgeypflxschcgzinb.supabase.co/auth/v1/user took 618ms
2026-01-23T22:15:27.399Z - Fetch https://qrtwgeypflxschcgzinb.supabase.co/rest/v1/events?select=*&order=start_date.desc&limit=100 took 536ms
2026-01-23T22:15:27.455Z - Fetch https://qrtwgeypflxschcgzinb.supabase.co/rest/v1/user_registry?select=*&person_type=eq.student&order=full_name.asc took 588ms
2026-01-23T22:15:27.467Z - Fetch https://qrtwgeypflxschcgzinb.supabase.co/rest/v1/attendance_logs?select=*&created_at=gte.2026-01-23T21%3A00%3A00.000Z&order=created_at.desc took 630ms
2026-01-23T22:15:27.471Z - Fetch https://qrtwgeypflxschcgzinb.supabase.co/rest/v1/camera_metadata?select=*&order=display_name.asc took 616ms
2026-01-23T22:15:27.837Z - Fetch https://qrtwgeypflxschcgzinb.supabase.co/rest/v1/attendance_logs?select=*&created_at=gte.2026-01-16T21%3A00%3A00.000Z&order=created_at.desc&limit=5000 took 988ms
2026-01-23T22:15:52.000Z - Fetch https://qrtwgeypflxschcgzinb.supabase.co/auth/v1/user took 438ms
2026-01-23T22:15:52.336Z - Fetch https://qrtwgeypflxschcgzinb.supabase.co/rest/v1/user_registry?select=*&user_id=eq.19&person_type=eq.student took 324ms
2026-01-23T22:15:52.827Z - Fetch https://qrtwgeypflxschcgzinb.supabase.co/rest/v1/attendance_logs?select=id%2Cuser_id%2Cuser_name%2Cperson_type%2Cevent_type%2Cperiod_number%2Csubject%2Ccamera_id%2Ccamera_name%2Ccamera_group%2Ctimestamp%2Clog_date%2Cattendance_status%2Cconfidence_score%2Ccapture_image_url%2Ccreated_at&user_id=eq.19&person_type=eq.student&timestamp=gte.2025-12-24T22%3A15%3A52.342Z&order=timestamp.desc&limit=500 took 472ms
2026-01-30T08:00:41.979Z - Fetch https://qrtwgeypflxschcgzinb.supabase.co/auth/v1/token?grant_type=refresh_token took 1873ms
2026-01-30T08:00:42.435Z - Fetch https://qrtwgeypflxschcgzinb.supabase.co/auth/v1/user took 399ms
2026-01-30T08:00:42.891Z - Fetch https://qrtwgeypflxschcgzinb.supabase.co/rest/v1/user_registry?select=id%2Cuser_id%2Cfull_name%2Ccurrent_status%2Clast_seen_camera%2Cphoto_url%2Cclass&person_type=eq.student&limit=2000 took 420ms
2026-01-30T08:00:43.484Z - Fetch https://qrtwgeypflxschcgzinb.supabase.co/rest/v1/anomalies?select=id%2Ctype%2Cseverity%2Cstatus%2Ctitle%2Cdescription%2Cstudent_id%2Cstudent_name%2Cstudent_class%2Ccamera_name%2Cexpected_location%2Cactual_location%2Clast_seen_location%2Ctrends%2Cresolved_at%2Ccreated_at&order=created_at.desc&limit=100 took 1004ms
2026-01-30T08:00:43.504Z - Fetch https://qrtwgeypflxschcgzinb.supabase.co/rest/v1/attendance_logs?select=id%2Cuser_id%2Cuser_name%2Cperson_type%2Cevent_type%2Cperiod_number%2Csubject%2Ccamera_id%2Ccamera_name%2Ccamera_group%2Ctimestamp%2Clog_date%2Cattendance_status%2Cconfidence_score%2Ccapture_image_url%2Craw_payload%2Ccreated_at&created_at=gte.2026-01-29T21%3A00%3A00.000Z&order=created_at.desc&limit=100 took 1019ms
2026-01-30T08:04:56.660Z - Fetch https://qrtwgeypflxschcgzinb.supabase.co/auth/v1/token?grant_type=refresh_token took 1060ms
2026-01-30T08:04:57.033Z - Fetch https://qrtwgeypflxschcgzinb.supabase.co/auth/v1/user took 334ms
2026-01-30T08:04:57.681Z - Fetch https://qrtwgeypflxschcgzinb.supabase.co/rest/v1/user_registry?select=id%2Cuser_id%2Cfull_name%2Ccurrent_status%2Clast_seen_camera%2Cphoto_url%2Cclass&person_type=eq.student&limit=2000 took 604ms
2026-01-30T08:04:58.036Z - Fetch https://qrtwgeypflxschcgzinb.supabase.co/rest/v1/anomalies?select=id%2Ctype%2Cseverity%2Cstatus%2Ctitle%2Cdescription%2Cstudent_id%2Cstudent_name%2Cstudent_class%2Ccamera_name%2Cexpected_location%2Cactual_location%2Clast_seen_location%2Ctrends%2Cresolved_at%2Ccreated_at&order=created_at.desc&limit=100 took 943ms
2026-01-30T08:04:58.082Z - Fetch https://qrtwgeypflxschcgzinb.supabase.co/rest/v1/attendance_logs?select=id%2Cuser_id%2Cuser_name%2Cperson_type%2Cevent_type%2Cperiod_number%2Csubject%2Ccamera_id%2Ccamera_name%2Ccamera_group%2Ctimestamp%2Clog_date%2Cattendance_status%2Cconfidence_score%2Ccapture_image_url%2Craw_payload%2Ccreated_at&created_at=gte.2026-01-29T21%3A00%3A00.000Z&order=created_at.desc&limit=100 took 981ms
2026-01-30T08:05:54.674Z - Fetch https://qrtwgeypflxschcgzinb.supabase.co/auth/v1/user took 559ms
2026-01-30T08:05:54.990Z - Fetch https://qrtwgeypflxschcgzinb.supabase.co/rest/v1/anomalies?select=*&status=eq.active&severity=eq.warning&order=detected_at.desc took 296ms
2026-01-30T08:05:55.146Z - Fetch https://qrtwgeypflxschcgzinb.supabase.co/rest/v1/anomalies?select=id&status=eq.resolved&resolved_at=gte.2026-01-30 took 439ms
2026-01-30T08:05:55.168Z - Fetch https://qrtwgeypflxschcgzinb.supabase.co/rest/v1/anomalies?select=*&status=eq.active&severity=eq.watchlist&order=detected_at.desc took 465ms
2026-01-30T08:05:55.186Z - Fetch https://qrtwgeypflxschcgzinb.supabase.co/rest/v1/anomalies?select=*&status=eq.active&severity=eq.critical&order=detected_at.desc took 469ms
2026-01-30T08:05:55.543Z - Fetch https://qrtwgeypflxschcgzinb.supabase.co/rest/v1/user_registry?select=current_status&person_type=eq.student took 831ms
2026-01-30T08:05:58.186Z - Fetch https://qrtwgeypflxschcgzinb.supabase.co/auth/v1/user took 292ms
2026-01-30T08:05:58.795Z - Fetch https://qrtwgeypflxschcgzinb.supabase.co/rest/v1/anomalies?select=*&status=eq.active&order=severity.asc%2Cdetected_at.desc took 590ms
2026-01-30T08:05:58.952Z - Fetch https://qrtwgeypflxschcgzinb.supabase.co/rest/v1/speaker_zones?select=*&is_active=eq.true&order=zone_name.asc took 749ms
2026-01-30T08:06:03.147Z - Fetch https://qrtwgeypflxschcgzinb.supabase.co/auth/v1/user took 281ms
2026-01-30T08:06:03.446Z - Fetch https://qrtwgeypflxschcgzinb.supabase.co/rest/v1/attendance_logs?select=*&created_at=gte.2026-01-29T21%3A00%3A00.000Z&order=created_at.desc took 288ms
2026-01-30T08:06:03.642Z - Fetch https://qrtwgeypflxschcgzinb.supabase.co/rest/v1/events?select=*&order=start_date.desc&limit=100 took 473ms
2026-01-30T08:06:03.650Z - Fetch https://qrtwgeypflxschcgzinb.supabase.co/rest/v1/user_registry?select=*&person_type=eq.student&order=full_name.asc took 478ms
2026-01-30T08:06:03.841Z - Fetch https://qrtwgeypflxschcgzinb.supabase.co/rest/v1/attendance_logs?select=*&created_at=gte.2026-01-22T21%3A00%3A00.000Z&order=created_at.desc&limit=5000 took 679ms
2026-01-30T08:06:04.002Z - Fetch https://qrtwgeypflxschcgzinb.supabase.co/rest/v1/camera_metadata?select=*&order=display_name.asc took 836ms
2026-01-30T08:11:28.514Z - Fetch https://qrtwgeypflxschcgzinb.supabase.co/auth/v1/user took 898ms
2026-01-30T08:11:29.114Z - Fetch https://qrtwgeypflxschcgzinb.supabase.co/rest/v1/camera_metadata?select=*&order=display_name.asc took 552ms
2026-01-30T08:11:29.126Z - Fetch https://qrtwgeypflxschcgzinb.supabase.co/rest/v1/user_registry?select=*&person_type=eq.student&order=full_name.asc took 557ms
2026-01-30T08:11:29.146Z - Fetch https://qrtwgeypflxschcgzinb.supabase.co/rest/v1/attendance_logs?select=*&created_at=gte.2026-01-29T21%3A00%3A00.000Z&order=created_at.desc took 601ms
2026-01-30T08:11:29.528Z - Fetch https://qrtwgeypflxschcgzinb.supabase.co/rest/v1/events?select=*&order=start_date.desc&limit=100 took 962ms
2026-01-30T08:11:29.673Z - Fetch https://qrtwgeypflxschcgzinb.supabase.co/rest/v1/attendance_logs?select=*&created_at=gte.2026-01-22T21%3A00%3A00.000Z&order=created_at.desc&limit=5000 took 1119ms
2026-01-30T08:16:28.361Z - Fetch https://qrtwgeypflxschcgzinb.supabase.co/auth/v1/user took 679ms
2026-01-30T08:16:28.918Z - Fetch https://qrtwgeypflxschcgzinb.supabase.co/rest/v1/attendance_logs?select=*&created_at=gte.2026-01-29T21%3A00%3A00.000Z&order=created_at.desc took 527ms
2026-01-30T08:16:28.977Z - Fetch https://qrtwgeypflxschcgzinb.supabase.co/rest/v1/events?select=*&order=start_date.desc&limit=100 took 546ms
2026-01-30T08:16:28.982Z - Fetch https://qrtwgeypflxschcgzinb.supabase.co/rest/v1/user_registry?select=*&person_type=eq.student&order=full_name.asc took 523ms
2026-01-30T08:16:29.043Z - Fetch https://qrtwgeypflxschcgzinb.supabase.co/rest/v1/camera_metadata?select=*&order=display_name.asc took 629ms
2026-01-30T08:16:29.194Z - Fetch https://qrtwgeypflxschcgzinb.supabase.co/rest/v1/attendance_logs?select=*&created_at=gte.2026-01-22T21%3A00%3A00.000Z&order=created_at.desc&limit=5000 took 796ms
2026-01-30T08:19:33.117Z - Fetch https://qrtwgeypflxschcgzinb.supabase.co/auth/v1/user took 12ms
2026-01-30T08:19:33.157Z - Fetch https://qrtwgeypflxschcgzinb.supabase.co/rest/v1/attendance_logs?select=*&created_at=gte.2026-01-29T21%3A00%3A00.000Z&order=created_at.desc took 4ms
2026-01-30T08:19:33.222Z - Fetch https://qrtwgeypflxschcgzinb.supabase.co/rest/v1/attendance_logs?select=*&created_at=gte.2026-01-22T21%3A00%3A00.000Z&order=created_at.desc&limit=5000 took 46ms
2026-01-30T08:19:33.237Z - Fetch https://qrtwgeypflxschcgzinb.supabase.co/rest/v1/camera_metadata?select=*&order=display_name.asc took 11ms
2026-01-30T08:19:33.256Z - Fetch https://qrtwgeypflxschcgzinb.supabase.co/rest/v1/user_registry?select=*&person_type=eq.student&order=full_name.asc took 2ms
2026-01-30T08:19:34.122Z - Fetch https://qrtwgeypflxschcgzinb.supabase.co/rest/v1/events?select=*&order=start_date.desc&limit=100 took 883ms
2026-01-30T08:20:15.737Z - Fetch https://qrtwgeypflxschcgzinb.supabase.co/auth/v1/user took 707ms
2026-01-30T08:20:16.198Z - Fetch https://qrtwgeypflxschcgzinb.supabase.co/rest/v1/events?select=*&order=start_date.desc&limit=100 took 434ms
2026-01-30T08:20:16.211Z - Fetch https://qrtwgeypflxschcgzinb.supabase.co/rest/v1/camera_metadata?select=*&order=display_name.asc took 450ms
2026-01-30T08:20:16.219Z - Fetch https://qrtwgeypflxschcgzinb.supabase.co/rest/v1/user_registry?select=*&person_type=eq.student&order=full_name.asc took 452ms
2026-01-30T08:20:16.292Z - Fetch https://qrtwgeypflxschcgzinb.supabase.co/rest/v1/attendance_logs?select=*&created_at=gte.2026-01-29T21%3A00%3A00.000Z&order=created_at.desc took 541ms
2026-01-30T08:20:16.537Z - Fetch https://qrtwgeypflxschcgzinb.supabase.co/rest/v1/attendance_logs?select=*&created_at=gte.2026-01-22T21%3A00%3A00.000Z&order=created_at.desc&limit=5000 took 781ms
2026-01-30T08:20:57.916Z - Fetch https://qrtwgeypflxschcgzinb.supabase.co/auth/v1/user took 759ms
2026-01-30T08:20:58.542Z - Fetch https://qrtwgeypflxschcgzinb.supabase.co/rest/v1/camera_metadata?select=*&order=display_name.asc took 560ms
2026-01-30T08:20:58.580Z - Fetch https://qrtwgeypflxschcgzinb.supabase.co/rest/v1/user_registry?select=*&person_type=eq.student&order=full_name.asc took 578ms
2026-01-30T08:20:58.749Z - Fetch https://qrtwgeypflxschcgzinb.supabase.co/rest/v1/attendance_logs?select=*&created_at=gte.2026-01-29T21%3A00%3A00.000Z&order=created_at.desc took 788ms
2026-01-30T08:20:58.827Z - Fetch https://qrtwgeypflxschcgzinb.supabase.co/rest/v1/attendance_logs?select=*&created_at=gte.2026-01-22T21%3A00%3A00.000Z&order=created_at.desc&limit=5000 took 855ms
2026-01-30T08:20:59.177Z - Fetch https://qrtwgeypflxschcgzinb.supabase.co/rest/v1/events?select=*&order=start_date.desc&limit=100 took 1186ms
2026-01-30T08:34:52.530Z - Fetch https://qrtwgeypflxschcgzinb.supabase.co/auth/v1/user took 785ms
2026-01-30T08:34:53.324Z - Fetch https://qrtwgeypflxschcgzinb.supabase.co/rest/v1/user_registry?select=*&person_type=eq.student&order=full_name.asc took 500ms
2026-01-30T08:34:53.335Z - Fetch https://qrtwgeypflxschcgzinb.supabase.co/rest/v1/events?select=*&order=start_date.desc&limit=100 took 533ms
2026-01-30T08:34:53.418Z - Fetch https://qrtwgeypflxschcgzinb.supabase.co/rest/v1/camera_metadata?select=*&order=display_name.asc took 644ms
2026-01-30T08:34:53.474Z - Fetch https://qrtwgeypflxschcgzinb.supabase.co/rest/v1/attendance_logs?select=*&created_at=gte.2026-01-29T21%3A00%3A00.000Z&order=created_at.desc took 742ms
2026-01-30T08:34:53.640Z - Fetch https://qrtwgeypflxschcgzinb.supabase.co/rest/v1/attendance_logs?select=*&created_at=gte.2026-01-22T21%3A00%3A00.000Z&order=created_at.desc&limit=5000 took 886ms
